# JRE version: OpenJDK Runtime Environment (8.0_242-b01) (build 1.8.0_242-release-1644-b01)
# Java VM: OpenJDK 64-Bit Server VM (25.242-b01 mixed mode windows-amd64 compressed oops)
Heap:
 PSYoungGen      total 358912K, used 281658K [0x00000000d5580000, 0x00000000edb00000, 0x0000000100000000)
  eden space 327680K, 83% used [0x00000000d5580000,0x00000000e609f488,0x00000000e9580000)
  from space 31232K, 26% used [0x00000000eb280000,0x00000000eba6f628,0x00000000ed100000)
  to   space 29696K, 0% used [0x00000000e9580000,0x00000000e9580000,0x00000000eb280000)
 ParOldGen       total 107520K, used 77259K [0x0000000080000000, 0x0000000086900000, 0x00000000d5580000)
  object space 107520K, 71% used [0x0000000080000000,0x0000000084b72db0,0x0000000086900000)
 Metaspace       used 82326K, capacity 87442K, committed 87512K, reserved 1124352K
  class space    used 11269K, capacity 12240K, committed 12288K, reserved 1048576K
GC Heap History (10 events):
Event: 9.445 GC heap before
{Heap before GC invocations=15 (full 3):
 PSYoungGen      total 243200K, used 2228K [0x00000000d5580000, 0x00000000e6c00000, 0x0000000100000000)
  eden space 223744K, 0% used [0x00000000d5580000,0x00000000d5580000,0x00000000e3000000)
  from space 19456K, 11% used [0x00000000e4380000,0x00000000e45ad320,0x00000000e5680000)
  to   space 19968K, 0% used [0x00000000e3000000,0x00000000e3000000,0x00000000e4380000)
 ParOldGen       total 71680K, used 42215K [0x0000000080000000, 0x0000000084600000, 0x00000000d5580000)
  object space 71680K, 58% used [0x0000000080000000,0x0000000082939d98,0x0000000084600000)
 Metaspace       used 56455K, capacity 58846K, committed 58968K, reserved 1099776K
  class space    used 7719K, capacity 8212K, committed 8320K, reserved 1048576K
Event: 9.637 GC heap after
Heap after GC invocations=15 (full 3):
 PSYoungGen      total 243200K, used 0K [0x00000000d5580000, 0x00000000e6c00000, 0x0000000100000000)
  eden space 223744K, 0% used [0x00000000d5580000,0x00000000d5580000,0x00000000e3000000)
  from space 19456K, 0% used [0x00000000e4380000,0x00000000e4380000,0x00000000e5680000)
  to   space 19968K, 0% used [0x00000000e3000000,0x00000000e3000000,0x00000000e4380000)
 ParOldGen       total 107520K, used 30272K [0x0000000080000000, 0x0000000086900000, 0x00000000d5580000)
  object space 107520K, 28% used [0x0000000080000000,0x0000000081d90190,0x0000000086900000)
 Metaspace       used 56417K, capacity 58720K, committed 58968K, reserved 1099776K
  class space    used 7707K, capacity 8191K, committed 8320K, reserved 1048576K
}
Event: 12.382 GC heap before
{Heap before GC invocations=16 (full 3):
 PSYoungGen      total 243200K, used 223744K [0x00000000d5580000, 0x00000000e6c00000, 0x0000000100000000)
  eden space 223744K, 100% used [0x00000000d5580000,0x00000000e3000000,0x00000000e3000000)
  from space 19456K, 0% used [0x00000000e4380000,0x00000000e4380000,0x00000000e5680000)
  to   space 19968K, 0% used [0x00000000e3000000,0x00000000e3000000,0x00000000e4380000)
 ParOldGen       total 107520K, used 30272K [0x0000000080000000, 0x0000000086900000, 0x00000000d5580000)
  object space 107520K, 28% used [0x0000000080000000,0x0000000081d90190,0x0000000086900000)
 Metaspace       used 64926K, capacity 67940K, committed 68184K, reserved 1107968K
  class space    used 8936K, capacity 9551K, committed 9600K, reserved 1048576K
Event: 12.396 GC heap after
Heap after GC invocations=16 (full 3):
 PSYoungGen      total 243712K, used 19940K [0x00000000d5580000, 0x00000000e9880000, 0x0000000100000000)
  eden space 223744K, 0% used [0x00000000d5580000,0x00000000d5580000,0x00000000e3000000)
  from space 19968K, 99% used [0x00000000e3000000,0x00000000e4379030,0x00000000e4380000)
  to   space 26112K, 0% used [0x00000000e7f00000,0x00000000e7f00000,0x00000000e9880000)
 ParOldGen       total 107520K, used 38782K [0x0000000080000000, 0x0000000086900000, 0x00000000d5580000)
  object space 107520K, 36% used [0x0000000080000000,0x00000000825dfbd0,0x0000000086900000)
 Metaspace       used 64926K, capacity 67940K, committed 68184K, reserved 1107968K
  class space    used 8936K, capacity 9551K, committed 9600K, reserved 1048576K
}
Event: 15.335 GC heap before
{Heap before GC invocations=17 (full 3):
 PSYoungGen      total 243712K, used 243684K [0x00000000d5580000, 0x00000000e9880000, 0x0000000100000000)
  eden space 223744K, 100% used [0x00000000d5580000,0x00000000e3000000,0x00000000e3000000)
  from space 19968K, 99% used [0x00000000e3000000,0x00000000e4379030,0x00000000e4380000)
  to   space 26112K, 0% used [0x00000000e7f00000,0x00000000e7f00000,0x00000000e9880000)
 ParOldGen       total 107520K, used 38782K [0x0000000080000000, 0x0000000086900000, 0x00000000d5580000)
  object space 107520K, 36% used [0x0000000080000000,0x00000000825dfbd0,0x0000000086900000)
 Metaspace       used 67933K, capacity 71154K, committed 71384K, reserved 1110016K
  class space    used 9268K, capacity 9920K, committed 9984K, reserved 1048576K
Event: 15.350 GC heap after
Heap after GC invocations=17 (full 3):
 PSYoungGen      total 289280K, used 4672K [0x00000000d5580000, 0x00000000e9080000, 0x0000000100000000)
  eden space 271360K, 0% used [0x00000000d5580000,0x00000000d5580000,0x00000000e5e80000)
  from space 17920K, 26% used [0x00000000e7f00000,0x00000000e8390168,0x00000000e9080000)
  to   space 25600K, 0% used [0x00000000e5e80000,0x00000000e5e80000,0x00000000e7780000)
 ParOldGen       total 107520K, used 57555K [0x0000000080000000, 0x0000000086900000, 0x00000000d5580000)
  object space 107520K, 53% used [0x0000000080000000,0x0000000083834f18,0x0000000086900000)
 Metaspace       used 67933K, capacity 71154K, committed 71384K, reserved 1110016K
  class space    used 9268K, capacity 9920K, committed 9984K, reserved 1048576K
}
Event: 17.889 GC heap before
{Heap before GC invocations=18 (full 3):
 PSYoungGen      total 289280K, used 276032K [0x00000000d5580000, 0x00000000e9080000, 0x0000000100000000)
  eden space 271360K, 100% used [0x00000000d5580000,0x00000000e5e80000,0x00000000e5e80000)
  from space 17920K, 26% used [0x00000000e7f00000,0x00000000e8390168,0x00000000e9080000)
  to   space 25600K, 0% used [0x00000000e5e80000,0x00000000e5e80000,0x00000000e7780000)
 ParOldGen       total 107520K, used 57555K [0x0000000080000000, 0x0000000086900000, 0x00000000d5580000)
  object space 107520K, 53% used [0x0000000080000000,0x0000000083834f18,0x0000000086900000)
 Metaspace       used 80394K, capacity 85132K, committed 85336K, reserved 1122304K
  class space    used 11101K, capacity 12033K, committed 12160K, reserved 1048576K
Event: 17.923 GC heap after
Heap after GC invocations=18 (full 3):
 PSYoungGen      total 296960K, used 25599K [0x00000000d5580000, 0x00000000ed100000, 0x0000000100000000)
  eden space 271360K, 0% used [0x00000000d5580000,0x00000000d5580000,0x00000000e5e80000)
  from space 25600K, 99% used [0x00000000e5e80000,0x00000000e777fdc8,0x00000000e7780000)
  to   space 31232K, 0% used [0x00000000eb280000,0x00000000eb280000,0x00000000ed100000)
 ParOldGen       total 107520K, used 60995K [0x0000000080000000, 0x0000000086900000, 0x00000000d5580000)
  object space 107520K, 56% used [0x0000000080000000,0x0000000083b90d40,0x0000000086900000)
 Metaspace       used 80394K, capacity 85132K, committed 85336K, reserved 1122304K
  class space    used 11101K, capacity 12033K, committed 12160K, reserved 1048576K
}
Event: 19.436 GC heap before
{Heap before GC invocations=19 (full 3):
 PSYoungGen      total 296960K, used 296959K [0x00000000d5580000, 0x00000000ed100000, 0x0000000100000000)
  eden space 271360K, 100% used [0x00000000d5580000,0x00000000e5e80000,0x00000000e5e80000)
  from space 25600K, 99% used [0x00000000e5e80000,0x00000000e777fdc8,0x00000000e7780000)
  to   space 31232K, 0% used [0x00000000eb280000,0x00000000eb280000,0x00000000ed100000)
 ParOldGen       total 107520K, used 60995K [0x0000000080000000, 0x0000000086900000, 0x00000000d5580000)
  object space 107520K, 56% used [0x0000000080000000,0x0000000083b90d40,0x0000000086900000)
 Metaspace       used 81565K, capacity 86568K, committed 86744K, reserved 1124352K
  class space    used 11236K, capacity 12179K, committed 12288K, reserved 1048576K
Event: 19.508 GC heap after
Heap after GC invocations=19 (full 3):
 PSYoungGen      total 358912K, used 8125K [0x00000000d5580000, 0x00000000edb00000, 0x0000000100000000)
  eden space 327680K, 0% used [0x00000000d5580000,0x00000000d5580000,0x00000000e9580000)
  from space 31232K, 26% used [0x00000000eb280000,0x00000000eba6f628,0x00000000ed100000)
  to   space 29696K, 0% used [0x00000000e9580000,0x00000000e9580000,0x00000000eb280000)
 ParOldGen       total 107520K, used 77259K [0x0000000080000000, 0x0000000086900000, 0x00000000d5580000)
  object space 107520K, 71% used [0x0000000080000000,0x0000000084b72db0,0x0000000086900000)
 Metaspace       used 81565K, capacity 86568K, committed 86744K, reserved 1124352K
  class space    used 11236K, capacity 12179K, committed 12288K, reserved 1048576K
}

