# JRE version: OpenJDK Runtime Environment (8.0_242-b01) (build 1.8.0_242-release-1644-b01)
# Java VM: OpenJDK 64-Bit Server VM (25.242-b01 mixed mode windows-amd64 compressed oops)
Heap:
 PSYoungGen      total 273408K, used 95916K [0x00000000d5580000, 0x00000000eb200000, 0x0000000100000000)
  eden space 250880K, 30% used [0x00000000d5580000,0x00000000da08f6b0,0x00000000e4a80000)
  from space 22528K, 84% used [0x00000000e6980000,0x00000000e7c1bb90,0x00000000e7f80000)
  to   space 31744K, 0% used [0x00000000e4a80000,0x00000000e4a80000,0x00000000e6980000)
 ParOldGen       total 111104K, used 56508K [0x0000000080000000, 0x0000000086c80000, 0x00000000d5580000)
  object space 111104K, 50% used [0x0000000080000000,0x000000008372f148,0x0000000086c80000)
 Metaspace       used 76333K, capacity 80104K, committed 80344K, reserved 1118208K
  class space    used 10436K, capacity 11197K, committed 11264K, reserved 1048576K
GC Heap History (10 events):
Event: 9.709 GC heap before
{Heap before GC invocations=15 (full 3):
 PSYoungGen      total 232960K, used 2324K [0x00000000d5580000, 0x00000000e6500000, 0x0000000100000000)
  eden space 213504K, 0% used [0x00000000d5580000,0x00000000d5580000,0x00000000e2600000)
  from space 19456K, 11% used [0x00000000e3980000,0x00000000e3bc5320,0x00000000e4c80000)
  to   space 19968K, 0% used [0x00000000e2600000,0x00000000e2600000,0x00000000e3980000)
 ParOldGen       total 73216K, used 44083K [0x0000000080000000, 0x0000000084780000, 0x00000000d5580000)
  object space 73216K, 60% used [0x0000000080000000,0x0000000082b0cf58,0x0000000084780000)
 Metaspace       used 56417K, capacity 58806K, committed 58968K, reserved 1099776K
  class space    used 7716K, capacity 8218K, committed 8320K, reserved 1048576K
Event: 10.035 GC heap after
Heap after GC invocations=15 (full 3):
 PSYoungGen      total 232960K, used 0K [0x00000000d5580000, 0x00000000e6500000, 0x0000000100000000)
  eden space 213504K, 0% used [0x00000000d5580000,0x00000000d5580000,0x00000000e2600000)
  from space 19456K, 0% used [0x00000000e3980000,0x00000000e3980000,0x00000000e4c80000)
  to   space 19968K, 0% used [0x00000000e2600000,0x00000000e2600000,0x00000000e3980000)
 ParOldGen       total 111104K, used 30309K [0x0000000080000000, 0x0000000086c80000, 0x00000000d5580000)
  object space 111104K, 27% used [0x0000000080000000,0x0000000081d99718,0x0000000086c80000)
 Metaspace       used 56371K, capacity 58650K, committed 58968K, reserved 1099776K
  class space    used 7702K, capacity 8192K, committed 8320K, reserved 1048576K
}
Event: 13.042 GC heap before
{Heap before GC invocations=16 (full 3):
 PSYoungGen      total 232960K, used 213504K [0x00000000d5580000, 0x00000000e6500000, 0x0000000100000000)
  eden space 213504K, 100% used [0x00000000d5580000,0x00000000e2600000,0x00000000e2600000)
  from space 19456K, 0% used [0x00000000e3980000,0x00000000e3980000,0x00000000e4c80000)
  to   space 19968K, 0% used [0x00000000e2600000,0x00000000e2600000,0x00000000e3980000)
 ParOldGen       total 111104K, used 30309K [0x0000000080000000, 0x0000000086c80000, 0x00000000d5580000)
  object space 111104K, 27% used [0x0000000080000000,0x0000000081d99718,0x0000000086c80000)
 Metaspace       used 65783K, capacity 68774K, committed 68824K, reserved 1107968K
  class space    used 9074K, capacity 9692K, committed 9728K, reserved 1048576K
Event: 13.059 GC heap after
Heap after GC invocations=16 (full 3):
 PSYoungGen      total 233472K, used 18314K [0x00000000d5580000, 0x00000000e7f80000, 0x0000000100000000)
  eden space 213504K, 0% used [0x00000000d5580000,0x00000000d5580000,0x00000000e2600000)
  from space 19968K, 91% used [0x00000000e2600000,0x00000000e37e2b98,0x00000000e3980000)
  to   space 22528K, 0% used [0x00000000e6980000,0x00000000e6980000,0x00000000e7f80000)
 ParOldGen       total 111104K, used 30317K [0x0000000080000000, 0x0000000086c80000, 0x00000000d5580000)
  object space 111104K, 27% used [0x0000000080000000,0x0000000081d9b718,0x0000000086c80000)
 Metaspace       used 65783K, capacity 68774K, committed 68824K, reserved 1107968K
  class space    used 9074K, capacity 9692K, committed 9728K, reserved 1048576K
}
Event: 15.947 GC heap before
{Heap before GC invocations=17 (full 3):
 PSYoungGen      total 233472K, used 231818K [0x00000000d5580000, 0x00000000e7f80000, 0x0000000100000000)
  eden space 213504K, 100% used [0x00000000d5580000,0x00000000e2600000,0x00000000e2600000)
  from space 19968K, 91% used [0x00000000e2600000,0x00000000e37e2b98,0x00000000e3980000)
  to   space 22528K, 0% used [0x00000000e6980000,0x00000000e6980000,0x00000000e7f80000)
 ParOldGen       total 111104K, used 30317K [0x0000000080000000, 0x0000000086c80000, 0x00000000d5580000)
  object space 111104K, 27% used [0x0000000080000000,0x0000000081d9b718,0x0000000086c80000)
 Metaspace       used 75407K, capacity 79098K, committed 79192K, reserved 1118208K
  class space    used 10373K, capacity 11122K, committed 11136K, reserved 1048576K
Event: 15.980 GC heap after
Heap after GC invocations=17 (full 3):
 PSYoungGen      total 273408K, used 22524K [0x00000000d5580000, 0x00000000e8d00000, 0x0000000100000000)
  eden space 250880K, 0% used [0x00000000d5580000,0x00000000d5580000,0x00000000e4a80000)
  from space 22528K, 99% used [0x00000000e6980000,0x00000000e7f7f070,0x00000000e7f80000)
  to   space 31744K, 0% used [0x00000000e4a80000,0x00000000e4a80000,0x00000000e6980000)
 ParOldGen       total 111104K, used 46080K [0x0000000080000000, 0x0000000086c80000, 0x00000000d5580000)
  object space 111104K, 41% used [0x0000000080000000,0x0000000082d00000,0x0000000086c80000)
 Metaspace       used 75407K, capacity 79098K, committed 79192K, reserved 1118208K
  class space    used 10373K, capacity 11122K, committed 11136K, reserved 1048576K
}
Event: 18.369 GC heap before
{Heap before GC invocations=18 (full 3):
 PSYoungGen      total 273408K, used 273404K [0x00000000d5580000, 0x00000000e8d00000, 0x0000000100000000)
  eden space 250880K, 100% used [0x00000000d5580000,0x00000000e4a80000,0x00000000e4a80000)
  from space 22528K, 99% used [0x00000000e6980000,0x00000000e7f7f070,0x00000000e7f80000)
  to   space 31744K, 0% used [0x00000000e4a80000,0x00000000e4a80000,0x00000000e6980000)
 ParOldGen       total 111104K, used 46080K [0x0000000080000000, 0x0000000086c80000, 0x00000000d5580000)
  object space 111104K, 41% used [0x0000000080000000,0x0000000082d00000,0x0000000086c80000)
 Metaspace       used 76245K, capacity 80028K, committed 80344K, reserved 1118208K
  class space    used 10436K, capacity 11197K, committed 11264K, reserved 1048576K
Event: 18.411 GC heap after
Heap after GC invocations=18 (full 3):
 PSYoungGen      total 282624K, used 16208K [0x00000000d5580000, 0x00000000e8d00000, 0x0000000100000000)
  eden space 250880K, 0% used [0x00000000d5580000,0x00000000d5580000,0x00000000e4a80000)
  from space 31744K, 51% used [0x00000000e4a80000,0x00000000e5a54350,0x00000000e6980000)
  to   space 22528K, 0% used [0x00000000e6980000,0x00000000e6980000,0x00000000e7f80000)
 ParOldGen       total 111104K, used 56500K [0x0000000080000000, 0x0000000086c80000, 0x00000000d5580000)
  object space 111104K, 50% used [0x0000000080000000,0x000000008372d148,0x0000000086c80000)
 Metaspace       used 76245K, capacity 80028K, committed 80344K, reserved 1118208K
  class space    used 10436K, capacity 11197K, committed 11264K, reserved 1048576K
}
Event: 20.431 GC heap before
{Heap before GC invocations=19 (full 3):
 PSYoungGen      total 282624K, used 267088K [0x00000000d5580000, 0x00000000e8d00000, 0x0000000100000000)
  eden space 250880K, 100% used [0x00000000d5580000,0x00000000e4a80000,0x00000000e4a80000)
  from space 31744K, 51% used [0x00000000e4a80000,0x00000000e5a54350,0x00000000e6980000)
  to   space 22528K, 0% used [0x00000000e6980000,0x00000000e6980000,0x00000000e7f80000)
 ParOldGen       total 111104K, used 56500K [0x0000000080000000, 0x0000000086c80000, 0x00000000d5580000)
  object space 111104K, 50% used [0x0000000080000000,0x000000008372d148,0x0000000086c80000)
 Metaspace       used 76309K, capacity 80100K, committed 80344K, reserved 1118208K
  class space    used 10436K, capacity 11197K, committed 11264K, reserved 1048576K
Event: 20.459 GC heap after
Heap after GC invocations=19 (full 3):
 PSYoungGen      total 273408K, used 19054K [0x00000000d5580000, 0x00000000eb200000, 0x0000000100000000)
  eden space 250880K, 0% used [0x00000000d5580000,0x00000000d5580000,0x00000000e4a80000)
  from space 22528K, 84% used [0x00000000e6980000,0x00000000e7c1bb90,0x00000000e7f80000)
  to   space 31744K, 0% used [0x00000000e4a80000,0x00000000e4a80000,0x00000000e6980000)
 ParOldGen       total 111104K, used 56508K [0x0000000080000000, 0x0000000086c80000, 0x00000000d5580000)
  object space 111104K, 50% used [0x0000000080000000,0x000000008372f148,0x0000000086c80000)
 Metaspace       used 76309K, capacity 80100K, committed 80344K, reserved 1118208K
  class space    used 10436K, capacity 11197K, committed 11264K, reserved 1048576K
}

