# JRE version: OpenJDK Runtime Environment (8.0_242-b01) (build 1.8.0_242-release-1644-b01)
# Java VM: OpenJDK 64-Bit Server VM (25.242-b01 mixed mode windows-amd64 compressed oops)
Heap:
 PSYoungGen      total 312832K, used 191144K [0x00000000d5580000, 0x00000000eb380000, 0x0000000100000000)
  eden space 289280K, 57% used [0x00000000d5580000,0x00000000df92b3a8,0x00000000e7000000)
  from space 23552K, 99% used [0x00000000e9000000,0x00000000ea6fedb0,0x00000000ea700000)
  to   space 32768K, 0% used [0x00000000e7000000,0x00000000e7000000,0x00000000e9000000)
 ParOldGen       total 102912K, used 46847K [0x0000000080000000, 0x0000000086480000, 0x00000000d5580000)
  object space 102912K, 45% used [0x0000000080000000,0x0000000082dbff30,0x0000000086480000)
 Metaspace       used 76233K, capacity 80122K, committed 80344K, reserved 1118208K
  class space    used 10444K, capacity 11212K, committed 11264K, reserved 1048576K
GC Heap History (10 events):
Event: 7.818 GC heap before
{Heap before GC invocations=13 (full 2):
 PSYoungGen      total 184832K, used 184607K [0x00000000d5580000, 0x00000000e2680000, 0x0000000100000000)
  eden space 176640K, 100% used [0x00000000d5580000,0x00000000e0200000,0x00000000e0200000)
  from space 8192K, 97% used [0x00000000e1e80000,0x00000000e2647ce0,0x00000000e2680000)
  to   space 12800K, 0% used [0x00000000e0d80000,0x00000000e0d80000,0x00000000e1a00000)
 ParOldGen       total 67584K, used 17730K [0x0000000080000000, 0x0000000084200000, 0x00000000d5580000)
  object space 67584K, 26% used [0x0000000080000000,0x00000000811508f8,0x0000000084200000)
 Metaspace       used 54859K, capacity 57204K, committed 57432K, reserved 1099776K
  class space    used 7478K, capacity 7989K, committed 8064K, reserved 1048576K
Event: 7.847 GC heap after
Heap after GC invocations=13 (full 2):
 PSYoungGen      total 201216K, used 12789K [0x00000000d5580000, 0x00000000e6700000, 0x0000000100000000)
  eden space 188416K, 0% used [0x00000000d5580000,0x00000000d5580000,0x00000000e0d80000)
  from space 12800K, 99% used [0x00000000e0d80000,0x00000000e19fd6b0,0x00000000e1a00000)
  to   space 19968K, 0% used [0x00000000e5380000,0x00000000e5380000,0x00000000e6700000)
 ParOldGen       total 67584K, used 32776K [0x0000000080000000, 0x0000000084200000, 0x00000000d5580000)
  object space 67584K, 48% used [0x0000000080000000,0x0000000082002200,0x0000000084200000)
 Metaspace       used 54859K, capacity 57204K, committed 57432K, reserved 1099776K
  class space    used 7478K, capacity 7989K, committed 8064K, reserved 1048576K
}
Event: 8.237 GC heap before
{Heap before GC invocations=14 (full 2):
 PSYoungGen      total 201216K, used 38850K [0x00000000d5580000, 0x00000000e6700000, 0x0000000100000000)
  eden space 188416K, 13% used [0x00000000d5580000,0x00000000d6ef3408,0x00000000e0d80000)
  from space 12800K, 99% used [0x00000000e0d80000,0x00000000e19fd6b0,0x00000000e1a00000)
  to   space 19968K, 0% used [0x00000000e5380000,0x00000000e5380000,0x00000000e6700000)
 ParOldGen       total 67584K, used 32776K [0x0000000080000000, 0x0000000084200000, 0x00000000d5580000)
  object space 67584K, 48% used [0x0000000080000000,0x0000000082002200,0x0000000084200000)
 Metaspace       used 56424K, capacity 58814K, committed 58968K, reserved 1099776K
  class space    used 7725K, capacity 8218K, committed 8320K, reserved 1048576K
Event: 8.255 GC heap after
Heap after GC invocations=14 (full 2):
 PSYoungGen      total 260096K, used 2247K [0x00000000d5580000, 0x00000000e7680000, 0x0000000100000000)
  eden space 240128K, 0% used [0x00000000d5580000,0x00000000d5580000,0x00000000e4000000)
  from space 19968K, 11% used [0x00000000e5380000,0x00000000e55b1f38,0x00000000e6700000)
  to   space 19968K, 0% used [0x00000000e4000000,0x00000000e4000000,0x00000000e5380000)
 ParOldGen       total 67584K, used 43665K [0x0000000080000000, 0x0000000084200000, 0x00000000d5580000)
  object space 67584K, 64% used [0x0000000080000000,0x0000000082aa4558,0x0000000084200000)
 Metaspace       used 56424K, capacity 58814K, committed 58968K, reserved 1099776K
  class space    used 7725K, capacity 8218K, committed 8320K, reserved 1048576K
}
Event: 8.255 GC heap before
{Heap before GC invocations=15 (full 3):
 PSYoungGen      total 260096K, used 2247K [0x00000000d5580000, 0x00000000e7680000, 0x0000000100000000)
  eden space 240128K, 0% used [0x00000000d5580000,0x00000000d5580000,0x00000000e4000000)
  from space 19968K, 11% used [0x00000000e5380000,0x00000000e55b1f38,0x00000000e6700000)
  to   space 19968K, 0% used [0x00000000e4000000,0x00000000e4000000,0x00000000e5380000)
 ParOldGen       total 67584K, used 43665K [0x0000000080000000, 0x0000000084200000, 0x00000000d5580000)
  object space 67584K, 64% used [0x0000000080000000,0x0000000082aa4558,0x0000000084200000)
 Metaspace       used 56424K, capacity 58814K, committed 58968K, reserved 1099776K
  class space    used 7725K, capacity 8218K, committed 8320K, reserved 1048576K
Event: 8.599 GC heap after
Heap after GC invocations=15 (full 3):
 PSYoungGen      total 260096K, used 0K [0x00000000d5580000, 0x00000000e7680000, 0x0000000100000000)
  eden space 240128K, 0% used [0x00000000d5580000,0x00000000d5580000,0x00000000e4000000)
  from space 19968K, 0% used [0x00000000e5380000,0x00000000e5380000,0x00000000e6700000)
  to   space 19968K, 0% used [0x00000000e4000000,0x00000000e4000000,0x00000000e5380000)
 ParOldGen       total 102912K, used 30357K [0x0000000080000000, 0x0000000086480000, 0x00000000d5580000)
  object space 102912K, 29% used [0x0000000080000000,0x0000000081da5548,0x0000000086480000)
 Metaspace       used 56376K, capacity 58652K, committed 58968K, reserved 1099776K
  class space    used 7710K, capacity 8191K, committed 8320K, reserved 1048576K
}
Event: 11.848 GC heap before
{Heap before GC invocations=16 (full 3):
 PSYoungGen      total 260096K, used 240128K [0x00000000d5580000, 0x00000000e7680000, 0x0000000100000000)
  eden space 240128K, 100% used [0x00000000d5580000,0x00000000e4000000,0x00000000e4000000)
  from space 19968K, 0% used [0x00000000e5380000,0x00000000e5380000,0x00000000e6700000)
  to   space 19968K, 0% used [0x00000000e4000000,0x00000000e4000000,0x00000000e5380000)
 ParOldGen       total 102912K, used 30357K [0x0000000080000000, 0x0000000086480000, 0x00000000d5580000)
  object space 102912K, 29% used [0x0000000080000000,0x0000000081da5548,0x0000000086480000)
 Metaspace       used 66608K, capacity 69782K, committed 69976K, reserved 1110016K
  class space    used 9171K, capacity 9782K, committed 9856K, reserved 1048576K
Event: 11.874 GC heap after
Heap after GC invocations=16 (full 3):
 PSYoungGen      total 260096K, used 19952K [0x00000000d5580000, 0x00000000ea700000, 0x0000000100000000)
  eden space 240128K, 0% used [0x00000000d5580000,0x00000000d5580000,0x00000000e4000000)
  from space 19968K, 99% used [0x00000000e4000000,0x00000000e537c160,0x00000000e5380000)
  to   space 23552K, 0% used [0x00000000e9000000,0x00000000e9000000,0x00000000ea700000)
 ParOldGen       total 102912K, used 32099K [0x0000000080000000, 0x0000000086480000, 0x00000000d5580000)
  object space 102912K, 31% used [0x0000000080000000,0x0000000081f58cb8,0x0000000086480000)
 Metaspace       used 66608K, capacity 69782K, committed 69976K, reserved 1110016K
  class space    used 9171K, capacity 9782K, committed 9856K, reserved 1048576K
}
Event: 15.102 GC heap before
{Heap before GC invocations=17 (full 3):
 PSYoungGen      total 260096K, used 260080K [0x00000000d5580000, 0x00000000ea700000, 0x0000000100000000)
  eden space 240128K, 100% used [0x00000000d5580000,0x00000000e4000000,0x00000000e4000000)
  from space 19968K, 99% used [0x00000000e4000000,0x00000000e537c160,0x00000000e5380000)
  to   space 23552K, 0% used [0x00000000e9000000,0x00000000e9000000,0x00000000ea700000)
 ParOldGen       total 102912K, used 32099K [0x0000000080000000, 0x0000000086480000, 0x00000000d5580000)
  object space 102912K, 31% used [0x0000000080000000,0x0000000081f58cb8,0x0000000086480000)
 Metaspace       used 75957K, capacity 79788K, committed 80088K, reserved 1118208K
  class space    used 10421K, capacity 11173K, committed 11264K, reserved 1048576K
Event: 15.142 GC heap after
Heap after GC invocations=17 (full 3):
 PSYoungGen      total 312832K, used 23547K [0x00000000d5580000, 0x00000000eb380000, 0x0000000100000000)
  eden space 289280K, 0% used [0x00000000d5580000,0x00000000d5580000,0x00000000e7000000)
  from space 23552K, 99% used [0x00000000e9000000,0x00000000ea6fedb0,0x00000000ea700000)
  to   space 32768K, 0% used [0x00000000e7000000,0x00000000e7000000,0x00000000e9000000)
 ParOldGen       total 102912K, used 46847K [0x0000000080000000, 0x0000000086480000, 0x00000000d5580000)
  object space 102912K, 45% used [0x0000000080000000,0x0000000082dbff30,0x0000000086480000)
 Metaspace       used 75957K, capacity 79788K, committed 80088K, reserved 1118208K
  class space    used 10421K, capacity 11173K, committed 11264K, reserved 1048576K
}

