# JRE version: OpenJDK Runtime Environment (8.0_242-b01) (build 1.8.0_242-release-1644-b01)
# Java VM: OpenJDK 64-Bit Server VM (25.242-b01 mixed mode windows-amd64 compressed oops)
Heap:
 PSYoungGen      total 267776K, used 84208K [0x00000000d5580000, 0x00000000ea600000, 0x0000000100000000)
  eden space 243712K, 24% used [0x00000000d5580000,0x00000000d903c488,0x00000000e4380000)
  from space 24064K, 99% used [0x00000000e6880000,0x00000000e7fffcd0,0x00000000e8000000)
  to   space 37888K, 0% used [0x00000000e4380000,0x00000000e4380000,0x00000000e6880000)
 ParOldGen       total 128000K, used 80378K [0x0000000080000000, 0x0000000087d00000, 0x00000000d5580000)
  object space 128000K, 62% used [0x0000000080000000,0x0000000084e7ea30,0x0000000087d00000)
 Metaspace       used 80396K, capacity 85438K, committed 85720K, reserved 1124352K
  class space    used 11184K, capacity 12194K, committed 12288K, reserved 1048576K
GC Heap History (10 events):
Event: 8.717 GC heap before
{Heap before GC invocations=15 (full 3):
 PSYoungGen      total 204800K, used 8015K [0x00000000d5580000, 0x00000000e3f80000, 0x0000000100000000)
  eden space 187904K, 0% used [0x00000000d5580000,0x00000000d5580000,0x00000000e0d00000)
  from space 16896K, 47% used [0x00000000e1c80000,0x00000000e2453d78,0x00000000e2d00000)
  to   space 15872K, 0% used [0x00000000e0d00000,0x00000000e0d00000,0x00000000e1c80000)
 ParOldGen       total 79360K, used 37323K [0x0000000080000000, 0x0000000084d80000, 0x00000000d5580000)
  object space 79360K, 47% used [0x0000000080000000,0x0000000082472de8,0x0000000084d80000)
 Metaspace       used 56458K, capacity 58812K, committed 58968K, reserved 1099776K
  class space    used 7725K, capacity 8219K, committed 8320K, reserved 1048576K
Event: 8.925 GC heap after
Heap after GC invocations=15 (full 3):
 PSYoungGen      total 204800K, used 0K [0x00000000d5580000, 0x00000000e3f80000, 0x0000000100000000)
  eden space 187904K, 0% used [0x00000000d5580000,0x00000000d5580000,0x00000000e0d00000)
  from space 16896K, 0% used [0x00000000e1c80000,0x00000000e1c80000,0x00000000e2d00000)
  to   space 15872K, 0% used [0x00000000e0d00000,0x00000000e0d00000,0x00000000e1c80000)
 ParOldGen       total 128000K, used 33483K [0x0000000080000000, 0x0000000087d00000, 0x00000000d5580000)
  object space 128000K, 26% used [0x0000000080000000,0x00000000820b2ee8,0x0000000087d00000)
 Metaspace       used 56409K, capacity 58644K, committed 58968K, reserved 1099776K
  class space    used 7710K, capacity 8191K, committed 8320K, reserved 1048576K
}
Event: 11.593 GC heap before
{Heap before GC invocations=16 (full 3):
 PSYoungGen      total 204800K, used 187904K [0x00000000d5580000, 0x00000000e3f80000, 0x0000000100000000)
  eden space 187904K, 100% used [0x00000000d5580000,0x00000000e0d00000,0x00000000e0d00000)
  from space 16896K, 0% used [0x00000000e1c80000,0x00000000e1c80000,0x00000000e2d00000)
  to   space 15872K, 0% used [0x00000000e0d00000,0x00000000e0d00000,0x00000000e1c80000)
 ParOldGen       total 128000K, used 33483K [0x0000000080000000, 0x0000000087d00000, 0x00000000d5580000)
  object space 128000K, 26% used [0x0000000080000000,0x00000000820b2ee8,0x0000000087d00000)
 Metaspace       used 64803K, capacity 67982K, committed 68184K, reserved 1107968K
  class space    used 8933K, capacity 9572K, committed 9600K, reserved 1048576K
Event: 11.607 GC heap after
Heap after GC invocations=16 (full 3):
 PSYoungGen      total 203776K, used 15864K [0x00000000d5580000, 0x00000000e5480000, 0x0000000100000000)
  eden space 187904K, 0% used [0x00000000d5580000,0x00000000d5580000,0x00000000e0d00000)
  from space 15872K, 99% used [0x00000000e0d00000,0x00000000e1c7e028,0x00000000e1c80000)
  to   space 18432K, 0% used [0x00000000e4280000,0x00000000e4280000,0x00000000e5480000)
 ParOldGen       total 128000K, used 34069K [0x0000000080000000, 0x0000000087d00000, 0x00000000d5580000)
  object space 128000K, 26% used [0x0000000080000000,0x0000000082145558,0x0000000087d00000)
 Metaspace       used 64803K, capacity 67982K, committed 68184K, reserved 1107968K
  class space    used 8933K, capacity 9572K, committed 9600K, reserved 1048576K
}
Event: 14.876 GC heap before
{Heap before GC invocations=17 (full 3):
 PSYoungGen      total 203776K, used 203768K [0x00000000d5580000, 0x00000000e5480000, 0x0000000100000000)
  eden space 187904K, 100% used [0x00000000d5580000,0x00000000e0d00000,0x00000000e0d00000)
  from space 15872K, 99% used [0x00000000e0d00000,0x00000000e1c7e028,0x00000000e1c80000)
  to   space 18432K, 0% used [0x00000000e4280000,0x00000000e4280000,0x00000000e5480000)
 ParOldGen       total 128000K, used 34069K [0x0000000080000000, 0x0000000087d00000, 0x00000000d5580000)
  object space 128000K, 26% used [0x0000000080000000,0x0000000082145558,0x0000000087d00000)
 Metaspace       used 66640K, capacity 69878K, committed 69976K, reserved 1110016K
  class space    used 9097K, capacity 9768K, committed 9856K, reserved 1048576K
Event: 14.897 GC heap after
Heap after GC invocations=17 (full 3):
 PSYoungGen      total 235520K, used 3429K [0x00000000d5580000, 0x00000000e5100000, 0x0000000100000000)
  eden space 220672K, 0% used [0x00000000d5580000,0x00000000d5580000,0x00000000e2d00000)
  from space 14848K, 23% used [0x00000000e4280000,0x00000000e45d97d0,0x00000000e5100000)
  to   space 18432K, 0% used [0x00000000e2d00000,0x00000000e2d00000,0x00000000e3f00000)
 ParOldGen       total 128000K, used 43842K [0x0000000080000000, 0x0000000087d00000, 0x00000000d5580000)
  object space 128000K, 34% used [0x0000000080000000,0x0000000082ad09f0,0x0000000087d00000)
 Metaspace       used 66640K, capacity 69878K, committed 69976K, reserved 1110016K
  class space    used 9097K, capacity 9768K, committed 9856K, reserved 1048576K
}
Event: 17.110 GC heap before
{Heap before GC invocations=18 (full 3):
 PSYoungGen      total 235520K, used 224101K [0x00000000d5580000, 0x00000000e5100000, 0x0000000100000000)
  eden space 220672K, 100% used [0x00000000d5580000,0x00000000e2d00000,0x00000000e2d00000)
  from space 14848K, 23% used [0x00000000e4280000,0x00000000e45d97d0,0x00000000e5100000)
  to   space 18432K, 0% used [0x00000000e2d00000,0x00000000e2d00000,0x00000000e3f00000)
 ParOldGen       total 128000K, used 43842K [0x0000000080000000, 0x0000000087d00000, 0x00000000d5580000)
  object space 128000K, 34% used [0x0000000080000000,0x0000000082ad09f0,0x0000000087d00000)
 Metaspace       used 72160K, capacity 75654K, committed 75736K, reserved 1114112K
  class space    used 9811K, capacity 10480K, committed 10496K, reserved 1048576K
Event: 17.134 GC heap after
Heap after GC invocations=18 (full 3):
 PSYoungGen      total 239104K, used 18428K [0x00000000d5580000, 0x00000000e8000000, 0x0000000100000000)
  eden space 220672K, 0% used [0x00000000d5580000,0x00000000d5580000,0x00000000e2d00000)
  from space 18432K, 99% used [0x00000000e2d00000,0x00000000e3eff2d0,0x00000000e3f00000)
  to   space 24064K, 0% used [0x00000000e6880000,0x00000000e6880000,0x00000000e8000000)
 ParOldGen       total 128000K, used 52755K [0x0000000080000000, 0x0000000087d00000, 0x00000000d5580000)
  object space 128000K, 41% used [0x0000000080000000,0x0000000083384f70,0x0000000087d00000)
 Metaspace       used 72160K, capacity 75654K, committed 75736K, reserved 1114112K
  class space    used 9811K, capacity 10480K, committed 10496K, reserved 1048576K
}
Event: 18.462 GC heap before
{Heap before GC invocations=19 (full 3):
 PSYoungGen      total 239104K, used 239100K [0x00000000d5580000, 0x00000000e8000000, 0x0000000100000000)
  eden space 220672K, 100% used [0x00000000d5580000,0x00000000e2d00000,0x00000000e2d00000)
  from space 18432K, 99% used [0x00000000e2d00000,0x00000000e3eff2d0,0x00000000e3f00000)
  to   space 24064K, 0% used [0x00000000e6880000,0x00000000e6880000,0x00000000e8000000)
 ParOldGen       total 128000K, used 52755K [0x0000000080000000, 0x0000000087d00000, 0x00000000d5580000)
  object space 128000K, 41% used [0x0000000080000000,0x0000000083384f70,0x0000000087d00000)
 Metaspace       used 80206K, capacity 85222K, committed 85336K, reserved 1122304K
  class space    used 11152K, capacity 12148K, committed 12160K, reserved 1048576K
Event: 18.511 GC heap after
Heap after GC invocations=19 (full 3):
 PSYoungGen      total 267776K, used 24063K [0x00000000d5580000, 0x00000000ea600000, 0x0000000100000000)
  eden space 243712K, 0% used [0x00000000d5580000,0x00000000d5580000,0x00000000e4380000)
  from space 24064K, 99% used [0x00000000e6880000,0x00000000e7fffcd0,0x00000000e8000000)
  to   space 37888K, 0% used [0x00000000e4380000,0x00000000e4380000,0x00000000e6880000)
 ParOldGen       total 128000K, used 80378K [0x0000000080000000, 0x0000000087d00000, 0x00000000d5580000)
  object space 128000K, 62% used [0x0000000080000000,0x0000000084e7ea30,0x0000000087d00000)
 Metaspace       used 80206K, capacity 85222K, committed 85336K, reserved 1122304K
  class space    used 11152K, capacity 12148K, committed 12160K, reserved 1048576K
}

