# JRE version: OpenJDK Runtime Environment (8.0_242-b01) (build 1.8.0_242-release-1644-b01)
# Java VM: OpenJDK 64-Bit Server VM (25.242-b01 mixed mode windows-amd64 compressed oops)
Heap:
 PSYoungGen      total 263168K, used 182970K [0x00000000d5580000, 0x00000000e7e80000, 0x0000000100000000)
  eden space 230400K, 70% used [0x00000000d5580000,0x00000000df377d40,0x00000000e3680000)
  from space 32768K, 64% used [0x00000000e3680000,0x00000000e4b36d00,0x00000000e5680000)
  to   space 34304K, 0% used [0x00000000e5680000,0x00000000e5680000,0x00000000e7800000)
 ParOldGen       total 134656K, used 72857K [0x0000000080000000, 0x0000000088380000, 0x00000000d5580000)
  object space 134656K, 54% used [0x0000000080000000,0x00000000847265e0,0x0000000088380000)
 Metaspace       used 78064K, capacity 82416K, committed 82560K, reserved 1120256K
  class space    used 10704K, capacity 11539K, committed 11648K, reserved 1048576K
GC Heap History (10 events):
Event: 12.910 GC heap before
{Heap before GC invocations=20 (full 3):
 PSYoungGen      total 264704K, used 242635K [0x00000000d5580000, 0x00000000e7e80000, 0x0000000100000000)
  eden space 230400K, 100% used [0x00000000d5580000,0x00000000e3680000,0x00000000e3680000)
  from space 34304K, 35% used [0x00000000e5680000,0x00000000e6272ce0,0x00000000e7800000)
  to   space 32768K, 0% used [0x00000000e3680000,0x00000000e3680000,0x00000000e5680000)
 ParOldGen       total 134656K, used 72817K [0x0000000080000000, 0x0000000088380000, 0x00000000d5580000)
  object space 134656K, 54% used [0x0000000080000000,0x000000008471c5e0,0x0000000088380000)
 Metaspace       used 76673K, capacity 80590K, committed 80768K, reserved 1118208K
  class space    used 10521K, capacity 11272K, committed 11392K, reserved 1048576K
Event: 12.937 GC heap after
Heap after GC invocations=20 (full 3):
 PSYoungGen      total 263168K, used 14123K [0x00000000d5580000, 0x00000000e7e80000, 0x0000000100000000)
  eden space 230400K, 0% used [0x00000000d5580000,0x00000000d5580000,0x00000000e3680000)
  from space 32768K, 43% used [0x00000000e3680000,0x00000000e444ade8,0x00000000e5680000)
  to   space 34304K, 0% used [0x00000000e5680000,0x00000000e5680000,0x00000000e7800000)
 ParOldGen       total 134656K, used 72825K [0x0000000080000000, 0x0000000088380000, 0x00000000d5580000)
  object space 134656K, 54% used [0x0000000080000000,0x000000008471e5e0,0x0000000088380000)
 Metaspace       used 76673K, capacity 80590K, committed 80768K, reserved 1118208K
  class space    used 10521K, capacity 11272K, committed 11392K, reserved 1048576K
}
Event: 13.907 GC heap before
{Heap before GC invocations=21 (full 3):
 PSYoungGen      total 263168K, used 244523K [0x00000000d5580000, 0x00000000e7e80000, 0x0000000100000000)
  eden space 230400K, 100% used [0x00000000d5580000,0x00000000e3680000,0x00000000e3680000)
  from space 32768K, 43% used [0x00000000e3680000,0x00000000e444ade8,0x00000000e5680000)
  to   space 34304K, 0% used [0x00000000e5680000,0x00000000e5680000,0x00000000e7800000)
 ParOldGen       total 134656K, used 72825K [0x0000000080000000, 0x0000000088380000, 0x00000000d5580000)
  object space 134656K, 54% used [0x0000000080000000,0x000000008471e5e0,0x0000000088380000)
 Metaspace       used 76745K, capacity 80662K, committed 80768K, reserved 1118208K
  class space    used 10529K, capacity 11336K, committed 11392K, reserved 1048576K
Event: 13.932 GC heap after
Heap after GC invocations=21 (full 3):
 PSYoungGen      total 264704K, used 16794K [0x00000000d5580000, 0x00000000e7e80000, 0x0000000100000000)
  eden space 230400K, 0% used [0x00000000d5580000,0x00000000d5580000,0x00000000e3680000)
  from space 34304K, 48% used [0x00000000e5680000,0x00000000e66e6bc0,0x00000000e7800000)
  to   space 32768K, 0% used [0x00000000e3680000,0x00000000e3680000,0x00000000e5680000)
 ParOldGen       total 134656K, used 72833K [0x0000000080000000, 0x0000000088380000, 0x00000000d5580000)
  object space 134656K, 54% used [0x0000000080000000,0x00000000847205e0,0x0000000088380000)
 Metaspace       used 76745K, capacity 80662K, committed 80768K, reserved 1118208K
  class space    used 10529K, capacity 11336K, committed 11392K, reserved 1048576K
}
Event: 14.891 GC heap before
{Heap before GC invocations=22 (full 3):
 PSYoungGen      total 264704K, used 247194K [0x00000000d5580000, 0x00000000e7e80000, 0x0000000100000000)
  eden space 230400K, 100% used [0x00000000d5580000,0x00000000e3680000,0x00000000e3680000)
  from space 34304K, 48% used [0x00000000e5680000,0x00000000e66e6bc0,0x00000000e7800000)
  to   space 32768K, 0% used [0x00000000e3680000,0x00000000e3680000,0x00000000e5680000)
 ParOldGen       total 134656K, used 72833K [0x0000000080000000, 0x0000000088380000, 0x00000000d5580000)
  object space 134656K, 54% used [0x0000000080000000,0x00000000847205e0,0x0000000088380000)
 Metaspace       used 76771K, capacity 80746K, committed 81024K, reserved 1118208K
  class space    used 10531K, capacity 11340K, committed 11392K, reserved 1048576K
Event: 14.920 GC heap after
Heap after GC invocations=22 (full 3):
 PSYoungGen      total 263168K, used 18086K [0x00000000d5580000, 0x00000000e7e80000, 0x0000000100000000)
  eden space 230400K, 0% used [0x00000000d5580000,0x00000000d5580000,0x00000000e3680000)
  from space 32768K, 55% used [0x00000000e3680000,0x00000000e48299b0,0x00000000e5680000)
  to   space 34304K, 0% used [0x00000000e5680000,0x00000000e5680000,0x00000000e7800000)
 ParOldGen       total 134656K, used 72841K [0x0000000080000000, 0x0000000088380000, 0x00000000d5580000)
  object space 134656K, 54% used [0x0000000080000000,0x00000000847225e0,0x0000000088380000)
 Metaspace       used 76771K, capacity 80746K, committed 81024K, reserved 1118208K
  class space    used 10531K, capacity 11340K, committed 11392K, reserved 1048576K
}
Event: 16.046 GC heap before
{Heap before GC invocations=23 (full 3):
 PSYoungGen      total 263168K, used 248486K [0x00000000d5580000, 0x00000000e7e80000, 0x0000000100000000)
  eden space 230400K, 100% used [0x00000000d5580000,0x00000000e3680000,0x00000000e3680000)
  from space 32768K, 55% used [0x00000000e3680000,0x00000000e48299b0,0x00000000e5680000)
  to   space 34304K, 0% used [0x00000000e5680000,0x00000000e5680000,0x00000000e7800000)
 ParOldGen       total 134656K, used 72841K [0x0000000080000000, 0x0000000088380000, 0x00000000d5580000)
  object space 134656K, 54% used [0x0000000080000000,0x00000000847225e0,0x0000000088380000)
 Metaspace       used 78048K, capacity 82352K, committed 82560K, reserved 1120256K
  class space    used 10704K, capacity 11539K, committed 11648K, reserved 1048576K
Event: 16.083 GC heap after
Heap after GC invocations=23 (full 3):
 PSYoungGen      total 264704K, used 18301K [0x00000000d5580000, 0x00000000e7e80000, 0x0000000100000000)
  eden space 230400K, 0% used [0x00000000d5580000,0x00000000d5580000,0x00000000e3680000)
  from space 34304K, 53% used [0x00000000e5680000,0x00000000e685f558,0x00000000e7800000)
  to   space 32768K, 0% used [0x00000000e3680000,0x00000000e3680000,0x00000000e5680000)
 ParOldGen       total 134656K, used 72849K [0x0000000080000000, 0x0000000088380000, 0x00000000d5580000)
  object space 134656K, 54% used [0x0000000080000000,0x00000000847245e0,0x0000000088380000)
 Metaspace       used 78048K, capacity 82352K, committed 82560K, reserved 1120256K
  class space    used 10704K, capacity 11539K, committed 11648K, reserved 1048576K
}
Event: 17.716 GC heap before
{Heap before GC invocations=24 (full 3):
 PSYoungGen      total 264704K, used 248701K [0x00000000d5580000, 0x00000000e7e80000, 0x0000000100000000)
  eden space 230400K, 100% used [0x00000000d5580000,0x00000000e3680000,0x00000000e3680000)
  from space 34304K, 53% used [0x00000000e5680000,0x00000000e685f558,0x00000000e7800000)
  to   space 32768K, 0% used [0x00000000e3680000,0x00000000e3680000,0x00000000e5680000)
 ParOldGen       total 134656K, used 72849K [0x0000000080000000, 0x0000000088380000, 0x00000000d5580000)
  object space 134656K, 54% used [0x0000000080000000,0x00000000847245e0,0x0000000088380000)
 Metaspace       used 78058K, capacity 82352K, committed 82560K, reserved 1120256K
  class space    used 10704K, capacity 11539K, committed 11648K, reserved 1048576K
Event: 17.745 GC heap after
Heap after GC invocations=24 (full 3):
 PSYoungGen      total 263168K, used 21211K [0x00000000d5580000, 0x00000000e7e80000, 0x0000000100000000)
  eden space 230400K, 0% used [0x00000000d5580000,0x00000000d5580000,0x00000000e3680000)
  from space 32768K, 64% used [0x00000000e3680000,0x00000000e4b36d00,0x00000000e5680000)
  to   space 34304K, 0% used [0x00000000e5680000,0x00000000e5680000,0x00000000e7800000)
 ParOldGen       total 134656K, used 72857K [0x0000000080000000, 0x0000000088380000, 0x00000000d5580000)
  object space 134656K, 54% used [0x0000000080000000,0x00000000847265e0,0x0000000088380000)
 Metaspace       used 78058K, capacity 82352K, committed 82560K, reserved 1120256K
  class space    used 10704K, capacity 11539K, committed 11648K, reserved 1048576K
}

