# JRE version: OpenJDK Runtime Environment (8.0_242-b01) (build 1.8.0_242-release-1644-b01)
# Java VM: OpenJDK 64-Bit Server VM (25.242-b01 mixed mode windows-amd64 compressed oops)
Heap:
 PSYoungGen      total 192000K, used 70667K [0x00000000d5580000, 0x00000000e4280000, 0x0000000100000000)
  eden space 172544K, 29% used [0x00000000d5580000,0x00000000d8788508,0x00000000dfe00000)
  from space 19456K, 99% used [0x00000000e2f80000,0x00000000e427a940,0x00000000e4280000)
  to   space 17920K, 0% used [0x00000000dfe00000,0x00000000dfe00000,0x00000000e0f80000)
 ParOldGen       total 133120K, used 49745K [0x0000000080000000, 0x0000000088200000, 0x00000000d5580000)
  object space 133120K, 37% used [0x0000000080000000,0x00000000830947f0,0x0000000088200000)
 Metaspace       used 70549K, capacity 74472K, committed 74712K, reserved 1116160K
  class space    used 9758K, capacity 10477K, committed 10496K, reserved 1048576K
GC Heap History (10 events):
Event: 7.900 GC heap before
{Heap before GC invocations=13 (full 2):
 PSYoungGen      total 144896K, used 144416K [0x00000000d5580000, 0x00000000e0000000, 0x0000000100000000)
  eden space 137728K, 100% used [0x00000000d5580000,0x00000000ddc00000,0x00000000ddc00000)
  from space 7168K, 93% used [0x00000000df900000,0x00000000dff88348,0x00000000e0000000)
  to   space 11264K, 0% used [0x00000000dea00000,0x00000000dea00000,0x00000000df500000)
 ParOldGen       total 83968K, used 14893K [0x0000000080000000, 0x0000000085200000, 0x00000000d5580000)
  object space 83968K, 17% used [0x0000000080000000,0x0000000080e8b518,0x0000000085200000)
 Metaspace       used 50817K, capacity 52864K, committed 53080K, reserved 1095680K
  class space    used 6802K, capacity 7257K, committed 7296K, reserved 1048576K
Event: 7.915 GC heap after
Heap after GC invocations=13 (full 2):
 PSYoungGen      total 163328K, used 11260K [0x00000000d5580000, 0x00000000e1f80000, 0x0000000100000000)
  eden space 152064K, 0% used [0x00000000d5580000,0x00000000d5580000,0x00000000dea00000)
  from space 11264K, 99% used [0x00000000dea00000,0x00000000df4ff300,0x00000000df500000)
  to   space 16384K, 0% used [0x00000000e0f80000,0x00000000e0f80000,0x00000000e1f80000)
 ParOldGen       total 83968K, used 25797K [0x0000000080000000, 0x0000000085200000, 0x00000000d5580000)
  object space 83968K, 30% used [0x0000000080000000,0x0000000081931450,0x0000000085200000)
 Metaspace       used 50817K, capacity 52864K, committed 53080K, reserved 1095680K
  class space    used 6802K, capacity 7257K, committed 7296K, reserved 1048576K
}
Event: 8.737 GC heap before
{Heap before GC invocations=14 (full 2):
 PSYoungGen      total 163328K, used 79482K [0x00000000d5580000, 0x00000000e1f80000, 0x0000000100000000)
  eden space 152064K, 44% used [0x00000000d5580000,0x00000000d981f578,0x00000000dea00000)
  from space 11264K, 99% used [0x00000000dea00000,0x00000000df4ff300,0x00000000df500000)
  to   space 16384K, 0% used [0x00000000e0f80000,0x00000000e0f80000,0x00000000e1f80000)
 ParOldGen       total 83968K, used 25797K [0x0000000080000000, 0x0000000085200000, 0x00000000d5580000)
  object space 83968K, 30% used [0x0000000080000000,0x0000000081931450,0x0000000085200000)
 Metaspace       used 56365K, capacity 58816K, committed 58968K, reserved 1099776K
  class space    used 7708K, capacity 8219K, committed 8320K, reserved 1048576K
Event: 8.751 GC heap after
Heap after GC invocations=14 (full 2):
 PSYoungGen      total 188928K, used 15097K [0x00000000d5580000, 0x00000000e3500000, 0x0000000100000000)
  eden space 172544K, 0% used [0x00000000d5580000,0x00000000d5580000,0x00000000dfe00000)
  from space 16384K, 92% used [0x00000000e0f80000,0x00000000e1e3e400,0x00000000e1f80000)
  to   space 17920K, 0% used [0x00000000dfe00000,0x00000000dfe00000,0x00000000e0f80000)
 ParOldGen       total 83968K, used 30059K [0x0000000080000000, 0x0000000085200000, 0x00000000d5580000)
  object space 83968K, 35% used [0x0000000080000000,0x0000000081d5ad70,0x0000000085200000)
 Metaspace       used 56365K, capacity 58816K, committed 58968K, reserved 1099776K
  class space    used 7708K, capacity 8219K, committed 8320K, reserved 1048576K
}
Event: 8.751 GC heap before
{Heap before GC invocations=15 (full 3):
 PSYoungGen      total 188928K, used 15097K [0x00000000d5580000, 0x00000000e3500000, 0x0000000100000000)
  eden space 172544K, 0% used [0x00000000d5580000,0x00000000d5580000,0x00000000dfe00000)
  from space 16384K, 92% used [0x00000000e0f80000,0x00000000e1e3e400,0x00000000e1f80000)
  to   space 17920K, 0% used [0x00000000dfe00000,0x00000000dfe00000,0x00000000e0f80000)
 ParOldGen       total 83968K, used 30059K [0x0000000080000000, 0x0000000085200000, 0x00000000d5580000)
  object space 83968K, 35% used [0x0000000080000000,0x0000000081d5ad70,0x0000000085200000)
 Metaspace       used 56365K, capacity 58816K, committed 58968K, reserved 1099776K
  class space    used 7708K, capacity 8219K, committed 8320K, reserved 1048576K
Event: 8.937 GC heap after
Heap after GC invocations=15 (full 3):
 PSYoungGen      total 188928K, used 0K [0x00000000d5580000, 0x00000000e3500000, 0x0000000100000000)
  eden space 172544K, 0% used [0x00000000d5580000,0x00000000d5580000,0x00000000dfe00000)
  from space 16384K, 0% used [0x00000000e0f80000,0x00000000e0f80000,0x00000000e1f80000)
  to   space 17920K, 0% used [0x00000000dfe00000,0x00000000dfe00000,0x00000000e0f80000)
 ParOldGen       total 133120K, used 33342K [0x0000000080000000, 0x0000000088200000, 0x00000000d5580000)
  object space 133120K, 25% used [0x0000000080000000,0x000000008208fa40,0x0000000088200000)
 Metaspace       used 56315K, capacity 58648K, committed 58968K, reserved 1099776K
  class space    used 7692K, capacity 8191K, committed 8320K, reserved 1048576K
}
Event: 10.855 GC heap before
{Heap before GC invocations=16 (full 3):
 PSYoungGen      total 188928K, used 172544K [0x00000000d5580000, 0x00000000e3500000, 0x0000000100000000)
  eden space 172544K, 100% used [0x00000000d5580000,0x00000000dfe00000,0x00000000dfe00000)
  from space 16384K, 0% used [0x00000000e0f80000,0x00000000e0f80000,0x00000000e1f80000)
  to   space 17920K, 0% used [0x00000000dfe00000,0x00000000dfe00000,0x00000000e0f80000)
 ParOldGen       total 133120K, used 33342K [0x0000000080000000, 0x0000000088200000, 0x00000000d5580000)
  object space 133120K, 25% used [0x0000000080000000,0x000000008208fa40,0x0000000088200000)
 Metaspace       used 63385K, capacity 66362K, committed 66392K, reserved 1105920K
  class space    used 8739K, capacity 9330K, committed 9344K, reserved 1048576K
Event: 10.869 GC heap after
Heap after GC invocations=16 (full 3):
 PSYoungGen      total 190464K, used 15070K [0x00000000d5580000, 0x00000000e4280000, 0x0000000100000000)
  eden space 172544K, 0% used [0x00000000d5580000,0x00000000d5580000,0x00000000dfe00000)
  from space 17920K, 84% used [0x00000000dfe00000,0x00000000e0cb7b68,0x00000000e0f80000)
  to   space 19456K, 0% used [0x00000000e2f80000,0x00000000e2f80000,0x00000000e4280000)
 ParOldGen       total 133120K, used 33350K [0x0000000080000000, 0x0000000088200000, 0x00000000d5580000)
  object space 133120K, 25% used [0x0000000080000000,0x0000000082091a40,0x0000000088200000)
 Metaspace       used 63385K, capacity 66362K, committed 66392K, reserved 1105920K
  class space    used 8739K, capacity 9330K, committed 9344K, reserved 1048576K
}
Event: 11.881 GC heap before
{Heap before GC invocations=17 (full 3):
 PSYoungGen      total 190464K, used 187614K [0x00000000d5580000, 0x00000000e4280000, 0x0000000100000000)
  eden space 172544K, 100% used [0x00000000d5580000,0x00000000dfe00000,0x00000000dfe00000)
  from space 17920K, 84% used [0x00000000dfe00000,0x00000000e0cb7b68,0x00000000e0f80000)
  to   space 19456K, 0% used [0x00000000e2f80000,0x00000000e2f80000,0x00000000e4280000)
 ParOldGen       total 133120K, used 33350K [0x0000000080000000, 0x0000000088200000, 0x00000000d5580000)
  object space 133120K, 25% used [0x0000000080000000,0x0000000082091a40,0x0000000088200000)
 Metaspace       used 68880K, capacity 72436K, committed 72664K, reserved 1112064K
  class space    used 9505K, capacity 10171K, committed 10240K, reserved 1048576K
Event: 11.904 GC heap after
Heap after GC invocations=17 (full 3):
 PSYoungGen      total 192000K, used 19434K [0x00000000d5580000, 0x00000000e4280000, 0x0000000100000000)
  eden space 172544K, 0% used [0x00000000d5580000,0x00000000d5580000,0x00000000dfe00000)
  from space 19456K, 99% used [0x00000000e2f80000,0x00000000e427a940,0x00000000e4280000)
  to   space 17920K, 0% used [0x00000000dfe00000,0x00000000dfe00000,0x00000000e0f80000)
 ParOldGen       total 133120K, used 49745K [0x0000000080000000, 0x0000000088200000, 0x00000000d5580000)
  object space 133120K, 37% used [0x0000000080000000,0x00000000830947f0,0x0000000088200000)
 Metaspace       used 68880K, capacity 72436K, committed 72664K, reserved 1112064K
  class space    used 9505K, capacity 10171K, committed 10240K, reserved 1048576K
}

