# JRE version: OpenJDK Runtime Environment (8.0_242-b01) (build 1.8.0_242-release-1644-b01)
# Java VM: OpenJDK 64-Bit Server VM (25.242-b01 mixed mode windows-amd64 compressed oops)
Heap:
 PSYoungGen      total 254976K, used 211591K [0x00000000d5580000, 0x00000000ea880000, 0x0000000100000000)
  eden space 235008K, 81% used [0x00000000d5580000,0x00000000e10a2998,0x00000000e3b00000)
  from space 19968K, 99% used [0x00000000e3b00000,0x00000000e4e7f430,0x00000000e4e80000)
  to   space 23552K, 0% used [0x00000000e9180000,0x00000000e9180000,0x00000000ea880000)
 ParOldGen       total 103424K, used 31459K [0x0000000080000000, 0x0000000086500000, 0x00000000d5580000)
  object space 103424K, 30% used [0x0000000080000000,0x0000000081eb8e50,0x0000000086500000)
 Metaspace       used 75529K, capacity 79250K, committed 79576K, reserved 1118208K
  class space    used 10420K, capacity 11180K, committed 11264K, reserved 1048576K
GC Heap History (10 events):
Event: 5.649 GC heap before
{Heap before GC invocations=12 (full 2):
 PSYoungGen      total 138240K, used 126976K [0x00000000d5580000, 0x00000000e2980000, 0x0000000100000000)
  eden space 126976K, 100% used [0x00000000d5580000,0x00000000dd180000,0x00000000dd180000)
  from space 11264K, 0% used [0x00000000dd180000,0x00000000dd180000,0x00000000ddc80000)
  to   space 12800K, 0% used [0x00000000e1d00000,0x00000000e1d00000,0x00000000e2980000)
 ParOldGen       total 69120K, used 17746K [0x0000000080000000, 0x0000000084380000, 0x00000000d5580000)
  object space 69120K, 25% used [0x0000000080000000,0x0000000081154ab8,0x0000000084380000)
 Metaspace       used 37653K, capacity 39390K, committed 39640K, reserved 1083392K
  class space    used 5196K, capacity 5579K, committed 5632K, reserved 1048576K
Event: 5.655 GC heap after
Heap after GC invocations=12 (full 2):
 PSYoungGen      total 183296K, used 7969K [0x00000000d5580000, 0x00000000e2500000, 0x0000000100000000)
  eden space 175104K, 0% used [0x00000000d5580000,0x00000000d5580000,0x00000000e0080000)
  from space 8192K, 97% used [0x00000000e1d00000,0x00000000e24c8668,0x00000000e2500000)
  to   space 12800K, 0% used [0x00000000e0c00000,0x00000000e0c00000,0x00000000e1880000)
 ParOldGen       total 69120K, used 17754K [0x0000000080000000, 0x0000000084380000, 0x00000000d5580000)
  object space 69120K, 25% used [0x0000000080000000,0x0000000081156ab8,0x0000000084380000)
 Metaspace       used 37653K, capacity 39390K, committed 39640K, reserved 1083392K
  class space    used 5196K, capacity 5579K, committed 5632K, reserved 1048576K
}
Event: 7.225 GC heap before
{Heap before GC invocations=13 (full 2):
 PSYoungGen      total 183296K, used 183073K [0x00000000d5580000, 0x00000000e2500000, 0x0000000100000000)
  eden space 175104K, 100% used [0x00000000d5580000,0x00000000e0080000,0x00000000e0080000)
  from space 8192K, 97% used [0x00000000e1d00000,0x00000000e24c8668,0x00000000e2500000)
  to   space 12800K, 0% used [0x00000000e0c00000,0x00000000e0c00000,0x00000000e1880000)
 ParOldGen       total 69120K, used 17754K [0x0000000080000000, 0x0000000084380000, 0x00000000d5580000)
  object space 69120K, 25% used [0x0000000080000000,0x0000000081156ab8,0x0000000084380000)
 Metaspace       used 54792K, capacity 57100K, committed 57432K, reserved 1099776K
  class space    used 7460K, capacity 7945K, committed 8064K, reserved 1048576K
Event: 7.243 GC heap after
Heap after GC invocations=13 (full 2):
 PSYoungGen      total 199680K, used 12771K [0x00000000d5580000, 0x00000000e6180000, 0x0000000100000000)
  eden space 186880K, 0% used [0x00000000d5580000,0x00000000d5580000,0x00000000e0c00000)
  from space 12800K, 99% used [0x00000000e0c00000,0x00000000e1878d50,0x00000000e1880000)
  to   space 19456K, 0% used [0x00000000e4e80000,0x00000000e4e80000,0x00000000e6180000)
 ParOldGen       total 69120K, used 32638K [0x0000000080000000, 0x0000000084380000, 0x00000000d5580000)
  object space 69120K, 47% used [0x0000000080000000,0x0000000081fdf808,0x0000000084380000)
 Metaspace       used 54792K, capacity 57100K, committed 57432K, reserved 1099776K
  class space    used 7460K, capacity 7945K, committed 8064K, reserved 1048576K
}
Event: 7.476 GC heap before
{Heap before GC invocations=14 (full 2):
 PSYoungGen      total 199680K, used 38490K [0x00000000d5580000, 0x00000000e6180000, 0x0000000100000000)
  eden space 186880K, 13% used [0x00000000d5580000,0x00000000d6e9dea0,0x00000000e0c00000)
  from space 12800K, 99% used [0x00000000e0c00000,0x00000000e1878d50,0x00000000e1880000)
  to   space 19456K, 0% used [0x00000000e4e80000,0x00000000e4e80000,0x00000000e6180000)
 ParOldGen       total 69120K, used 32638K [0x0000000080000000, 0x0000000084380000, 0x00000000d5580000)
  object space 69120K, 47% used [0x0000000080000000,0x0000000081fdf808,0x0000000084380000)
 Metaspace       used 56456K, capacity 58806K, committed 58968K, reserved 1099776K
  class space    used 7722K, capacity 8206K, committed 8320K, reserved 1048576K
Event: 7.490 GC heap after
Heap after GC invocations=14 (full 2):
 PSYoungGen      total 254464K, used 2407K [0x00000000d5580000, 0x00000000e7400000, 0x0000000100000000)
  eden space 235008K, 0% used [0x00000000d5580000,0x00000000d5580000,0x00000000e3b00000)
  from space 19456K, 12% used [0x00000000e4e80000,0x00000000e50d9f38,0x00000000e6180000)
  to   space 19968K, 0% used [0x00000000e3b00000,0x00000000e3b00000,0x00000000e4e80000)
 ParOldGen       total 69120K, used 43456K [0x0000000080000000, 0x0000000084380000, 0x00000000d5580000)
  object space 69120K, 62% used [0x0000000080000000,0x0000000082a70230,0x0000000084380000)
 Metaspace       used 56456K, capacity 58806K, committed 58968K, reserved 1099776K
  class space    used 7722K, capacity 8206K, committed 8320K, reserved 1048576K
}
Event: 7.490 GC heap before
{Heap before GC invocations=15 (full 3):
 PSYoungGen      total 254464K, used 2407K [0x00000000d5580000, 0x00000000e7400000, 0x0000000100000000)
  eden space 235008K, 0% used [0x00000000d5580000,0x00000000d5580000,0x00000000e3b00000)
  from space 19456K, 12% used [0x00000000e4e80000,0x00000000e50d9f38,0x00000000e6180000)
  to   space 19968K, 0% used [0x00000000e3b00000,0x00000000e3b00000,0x00000000e4e80000)
 ParOldGen       total 69120K, used 43456K [0x0000000080000000, 0x0000000084380000, 0x00000000d5580000)
  object space 69120K, 62% used [0x0000000080000000,0x0000000082a70230,0x0000000084380000)
 Metaspace       used 56456K, capacity 58806K, committed 58968K, reserved 1099776K
  class space    used 7722K, capacity 8206K, committed 8320K, reserved 1048576K
Event: 7.669 GC heap after
Heap after GC invocations=15 (full 3):
 PSYoungGen      total 254464K, used 0K [0x00000000d5580000, 0x00000000e7400000, 0x0000000100000000)
  eden space 235008K, 0% used [0x00000000d5580000,0x00000000d5580000,0x00000000e3b00000)
  from space 19456K, 0% used [0x00000000e4e80000,0x00000000e4e80000,0x00000000e6180000)
  to   space 19968K, 0% used [0x00000000e3b00000,0x00000000e3b00000,0x00000000e4e80000)
 ParOldGen       total 103424K, used 30421K [0x0000000080000000, 0x0000000086500000, 0x00000000d5580000)
  object space 103424K, 29% used [0x0000000080000000,0x0000000081db5720,0x0000000086500000)
 Metaspace       used 56429K, capacity 58716K, committed 58968K, reserved 1099776K
  class space    used 7714K, capacity 8191K, committed 8320K, reserved 1048576K
}
Event: 10.468 GC heap before
{Heap before GC invocations=16 (full 3):
 PSYoungGen      total 254464K, used 235008K [0x00000000d5580000, 0x00000000e7400000, 0x0000000100000000)
  eden space 235008K, 100% used [0x00000000d5580000,0x00000000e3b00000,0x00000000e3b00000)
  from space 19456K, 0% used [0x00000000e4e80000,0x00000000e4e80000,0x00000000e6180000)
  to   space 19968K, 0% used [0x00000000e3b00000,0x00000000e3b00000,0x00000000e4e80000)
 ParOldGen       total 103424K, used 30421K [0x0000000080000000, 0x0000000086500000, 0x00000000d5580000)
  object space 103424K, 29% used [0x0000000080000000,0x0000000081db5720,0x0000000086500000)
 Metaspace       used 66532K, capacity 69604K, committed 69720K, reserved 1110016K
  class space    used 9157K, capacity 9775K, committed 9856K, reserved 1048576K
Event: 10.492 GC heap after
Heap after GC invocations=16 (full 3):
 PSYoungGen      total 254976K, used 19965K [0x00000000d5580000, 0x00000000ea880000, 0x0000000100000000)
  eden space 235008K, 0% used [0x00000000d5580000,0x00000000d5580000,0x00000000e3b00000)
  from space 19968K, 99% used [0x00000000e3b00000,0x00000000e4e7f430,0x00000000e4e80000)
  to   space 23552K, 0% used [0x00000000e9180000,0x00000000e9180000,0x00000000ea880000)
 ParOldGen       total 103424K, used 31459K [0x0000000080000000, 0x0000000086500000, 0x00000000d5580000)
  object space 103424K, 30% used [0x0000000080000000,0x0000000081eb8e50,0x0000000086500000)
 Metaspace       used 66532K, capacity 69604K, committed 69720K, reserved 1110016K
  class space    used 9157K, capacity 9775K, committed 9856K, reserved 1048576K
}

