# JRE version: OpenJDK Runtime Environment (8.0_242-b01) (build 1.8.0_242-release-1644-b01)
# Java VM: OpenJDK 64-Bit Server VM (25.242-b01 mixed mode windows-amd64 compressed oops)
Heap:
 PSYoungGen      total 254976K, used 30654K [0x00000000d5580000, 0x00000000ea280000, 0x0000000100000000)
  eden space 231424K, 13% used [0x00000000d5580000,0x00000000d736fac8,0x00000000e3780000)
  from space 23552K, 0% used [0x00000000e8b80000,0x00000000e8b80000,0x00000000ea280000)
  to   space 20480K, 0% used [0x00000000e3780000,0x00000000e3780000,0x00000000e4b80000)
 ParOldGen       total 104448K, used 55855K [0x0000000080000000, 0x0000000086600000, 0x00000000d5580000)
  object space 104448K, 53% used [0x0000000080000000,0x000000008368bf40,0x0000000086600000)
 Metaspace       used 74831K, capacity 78350K, committed 79448K, reserved 1120256K
  class space    used 10385K, capacity 11126K, committed 11392K, reserved 1048576K
GC Heap History (10 events):
Event: 8.113 GC heap before
{Heap before GC invocations=14 (full 2):
 PSYoungGen      total 197120K, used 33019K [0x00000000d5580000, 0x00000000e5f00000, 0x0000000100000000)
  eden space 183808K, 10% used [0x00000000d5580000,0x00000000d68c5d60,0x00000000e0900000)
  from space 13312K, 99% used [0x00000000e0900000,0x00000000e15f8f38,0x00000000e1600000)
  to   space 19968K, 0% used [0x00000000e4b80000,0x00000000e4b80000,0x00000000e5f00000)
 ParOldGen       total 70144K, used 31966K [0x0000000080000000, 0x0000000084480000, 0x00000000d5580000)
  object space 70144K, 45% used [0x0000000080000000,0x0000000081f37888,0x0000000084480000)
 Metaspace       used 56447K, capacity 58828K, committed 58968K, reserved 1099776K
  class space    used 7725K, capacity 8211K, committed 8320K, reserved 1048576K
Event: 8.122 GC heap after
Heap after GC invocations=14 (full 2):
 PSYoungGen      total 251392K, used 1504K [0x00000000d5580000, 0x00000000e7200000, 0x0000000100000000)
  eden space 231424K, 0% used [0x00000000d5580000,0x00000000d5580000,0x00000000e3780000)
  from space 19968K, 7% used [0x00000000e4b80000,0x00000000e4cf8000,0x00000000e5f00000)
  to   space 20480K, 0% used [0x00000000e3780000,0x00000000e3780000,0x00000000e4b80000)
 ParOldGen       total 70144K, used 43009K [0x0000000080000000, 0x0000000084480000, 0x00000000d5580000)
  object space 70144K, 61% used [0x0000000080000000,0x0000000082a004a8,0x0000000084480000)
 Metaspace       used 56447K, capacity 58828K, committed 58968K, reserved 1099776K
  class space    used 7725K, capacity 8211K, committed 8320K, reserved 1048576K
}
Event: 8.122 GC heap before
{Heap before GC invocations=15 (full 3):
 PSYoungGen      total 251392K, used 1504K [0x00000000d5580000, 0x00000000e7200000, 0x0000000100000000)
  eden space 231424K, 0% used [0x00000000d5580000,0x00000000d5580000,0x00000000e3780000)
  from space 19968K, 7% used [0x00000000e4b80000,0x00000000e4cf8000,0x00000000e5f00000)
  to   space 20480K, 0% used [0x00000000e3780000,0x00000000e3780000,0x00000000e4b80000)
 ParOldGen       total 70144K, used 43009K [0x0000000080000000, 0x0000000084480000, 0x00000000d5580000)
  object space 70144K, 61% used [0x0000000080000000,0x0000000082a004a8,0x0000000084480000)
 Metaspace       used 56447K, capacity 58828K, committed 58968K, reserved 1099776K
  class space    used 7725K, capacity 8211K, committed 8320K, reserved 1048576K
Event: 8.309 GC heap after
Heap after GC invocations=15 (full 3):
 PSYoungGen      total 251392K, used 0K [0x00000000d5580000, 0x00000000e7200000, 0x0000000100000000)
  eden space 231424K, 0% used [0x00000000d5580000,0x00000000d5580000,0x00000000e3780000)
  from space 19968K, 0% used [0x00000000e4b80000,0x00000000e4b80000,0x00000000e5f00000)
  to   space 20480K, 0% used [0x00000000e3780000,0x00000000e3780000,0x00000000e4b80000)
 ParOldGen       total 104448K, used 30028K [0x0000000080000000, 0x0000000086600000, 0x00000000d5580000)
  object space 104448K, 28% used [0x0000000080000000,0x0000000081d531f8,0x0000000086600000)
 Metaspace       used 56412K, capacity 58708K, committed 58968K, reserved 1099776K
  class space    used 7714K, capacity 8191K, committed 8320K, reserved 1048576K
}
Event: 11.010 GC heap before
{Heap before GC invocations=16 (full 3):
 PSYoungGen      total 251392K, used 231424K [0x00000000d5580000, 0x00000000e7200000, 0x0000000100000000)
  eden space 231424K, 100% used [0x00000000d5580000,0x00000000e3780000,0x00000000e3780000)
  from space 19968K, 0% used [0x00000000e4b80000,0x00000000e4b80000,0x00000000e5f00000)
  to   space 20480K, 0% used [0x00000000e3780000,0x00000000e3780000,0x00000000e4b80000)
 ParOldGen       total 104448K, used 30028K [0x0000000080000000, 0x0000000086600000, 0x00000000d5580000)
  object space 104448K, 28% used [0x0000000080000000,0x0000000081d531f8,0x0000000086600000)
 Metaspace       used 66270K, capacity 69382K, committed 69720K, reserved 1110016K
  class space    used 9128K, capacity 9742K, committed 9856K, reserved 1048576K
Event: 11.039 GC heap after
Heap after GC invocations=16 (full 3):
 PSYoungGen      total 251904K, used 20343K [0x00000000d5580000, 0x00000000ea280000, 0x0000000100000000)
  eden space 231424K, 0% used [0x00000000d5580000,0x00000000d5580000,0x00000000e3780000)
  from space 20480K, 99% used [0x00000000e3780000,0x00000000e4b5dd18,0x00000000e4b80000)
  to   space 23552K, 0% used [0x00000000e8b80000,0x00000000e8b80000,0x00000000ea280000)
 ParOldGen       total 104448K, used 30036K [0x0000000080000000, 0x0000000086600000, 0x00000000d5580000)
  object space 104448K, 28% used [0x0000000080000000,0x0000000081d551f8,0x0000000086600000)
 Metaspace       used 66270K, capacity 69382K, committed 69720K, reserved 1110016K
  class space    used 9128K, capacity 9742K, committed 9856K, reserved 1048576K
}
Event: 12.775 GC heap before
{Heap before GC invocations=17 (full 3):
 PSYoungGen      total 251904K, used 143918K [0x00000000d5580000, 0x00000000ea280000, 0x0000000100000000)
  eden space 231424K, 53% used [0x00000000d5580000,0x00000000dce2dae8,0x00000000e3780000)
  from space 20480K, 99% used [0x00000000e3780000,0x00000000e4b5dd18,0x00000000e4b80000)
  to   space 23552K, 0% used [0x00000000e8b80000,0x00000000e8b80000,0x00000000ea280000)
 ParOldGen       total 104448K, used 30036K [0x0000000080000000, 0x0000000086600000, 0x00000000d5580000)
  object space 104448K, 28% used [0x0000000080000000,0x0000000081d551f8,0x0000000086600000)
 Metaspace       used 74402K, capacity 78582K, committed 78808K, reserved 1120256K
  class space    used 10436K, capacity 11264K, committed 11264K, reserved 1048576K
Event: 12.802 GC heap after
Heap after GC invocations=17 (full 3):
 PSYoungGen      total 254976K, used 23547K [0x00000000d5580000, 0x00000000ea280000, 0x0000000100000000)
  eden space 231424K, 0% used [0x00000000d5580000,0x00000000d5580000,0x00000000e3780000)
  from space 23552K, 99% used [0x00000000e8b80000,0x00000000ea27ef60,0x00000000ea280000)
  to   space 20480K, 0% used [0x00000000e3780000,0x00000000e3780000,0x00000000e4b80000)
 ParOldGen       total 104448K, used 34340K [0x0000000080000000, 0x0000000086600000, 0x00000000d5580000)
  object space 104448K, 32% used [0x0000000080000000,0x0000000082189080,0x0000000086600000)
 Metaspace       used 74402K, capacity 78582K, committed 78808K, reserved 1120256K
  class space    used 10436K, capacity 11264K, committed 11264K, reserved 1048576K
}
Event: 12.802 GC heap before
{Heap before GC invocations=18 (full 4):
 PSYoungGen      total 254976K, used 23547K [0x00000000d5580000, 0x00000000ea280000, 0x0000000100000000)
  eden space 231424K, 0% used [0x00000000d5580000,0x00000000d5580000,0x00000000e3780000)
  from space 23552K, 99% used [0x00000000e8b80000,0x00000000ea27ef60,0x00000000ea280000)
  to   space 20480K, 0% used [0x00000000e3780000,0x00000000e3780000,0x00000000e4b80000)
 ParOldGen       total 104448K, used 34340K [0x0000000080000000, 0x0000000086600000, 0x00000000d5580000)
  object space 104448K, 32% used [0x0000000080000000,0x0000000082189080,0x0000000086600000)
 Metaspace       used 74402K, capacity 78582K, committed 78808K, reserved 1120256K
  class space    used 10436K, capacity 11264K, committed 11264K, reserved 1048576K
Event: 13.134 GC heap after
Heap after GC invocations=18 (full 4):
 PSYoungGen      total 254976K, used 0K [0x00000000d5580000, 0x00000000ea280000, 0x0000000100000000)
  eden space 231424K, 0% used [0x00000000d5580000,0x00000000d5580000,0x00000000e3780000)
  from space 23552K, 0% used [0x00000000e8b80000,0x00000000e8b80000,0x00000000ea280000)
  to   space 20480K, 0% used [0x00000000e3780000,0x00000000e3780000,0x00000000e4b80000)
 ParOldGen       total 104448K, used 55855K [0x0000000080000000, 0x0000000086600000, 0x00000000d5580000)
  object space 104448K, 53% used [0x0000000080000000,0x000000008368bf40,0x0000000086600000)
 Metaspace       used 73990K, capacity 77544K, committed 78808K, reserved 1120256K
  class space    used 10292K, capacity 11009K, committed 11264K, reserved 1048576K
}

