# JRE version: OpenJDK Runtime Environment (8.0_242-b01) (build 1.8.0_242-release-1644-b01)
# Java VM: OpenJDK 64-Bit Server VM (25.242-b01 mixed mode windows-amd64 compressed oops)
Heap:
 PSYoungGen      total 217600K, used 132763K [0x00000000d5580000, 0x00000000e4e80000, 0x0000000100000000)
  eden space 189952K, 66% used [0x00000000d5580000,0x00000000dd10ef98,0x00000000e0f00000)
  from space 27648K, 22% used [0x00000000e0f00000,0x00000000e1518010,0x00000000e2a00000)
  to   space 19456K, 0% used [0x00000000e2a00000,0x00000000e2a00000,0x00000000e3d00000)
 ParOldGen       total 135680K, used 72621K [0x0000000080000000, 0x0000000088480000, 0x00000000d5580000)
  object space 135680K, 53% used [0x0000000080000000,0x00000000846eb5a8,0x0000000088480000)
 Metaspace       used 76347K, capacity 80084K, committed 80344K, reserved 1118208K
  class space    used 10433K, capacity 11165K, committed 11264K, reserved 1048576K
GC Heap History (10 events):
Event: 14.793 GC heap before
{Heap before GC invocations=16 (full 3):
 PSYoungGen      total 186368K, used 169984K [0x00000000d5580000, 0x00000000e3480000, 0x0000000100000000)
  eden space 169984K, 100% used [0x00000000d5580000,0x00000000dfb80000,0x00000000dfb80000)
  from space 16384K, 0% used [0x00000000e0d00000,0x00000000e0d00000,0x00000000e1d00000)
  to   space 17920K, 0% used [0x00000000dfb80000,0x00000000dfb80000,0x00000000e0d00000)
 ParOldGen       total 135680K, used 33607K [0x0000000080000000, 0x0000000088480000, 0x00000000d5580000)
  object space 135680K, 24% used [0x0000000080000000,0x00000000820d1f50,0x0000000088480000)
 Metaspace       used 63467K, capacity 66484K, committed 66776K, reserved 1105920K
  class space    used 8755K, capacity 9371K, committed 9472K, reserved 1048576K
Event: 14.813 GC heap after
Heap after GC invocations=16 (full 3):
 PSYoungGen      total 187904K, used 14871K [0x00000000d5580000, 0x00000000e3d00000, 0x0000000100000000)
  eden space 169984K, 0% used [0x00000000d5580000,0x00000000d5580000,0x00000000dfb80000)
  from space 17920K, 82% used [0x00000000dfb80000,0x00000000e0a05d20,0x00000000e0d00000)
  to   space 19456K, 0% used [0x00000000e2a00000,0x00000000e2a00000,0x00000000e3d00000)
 ParOldGen       total 135680K, used 33615K [0x0000000080000000, 0x0000000088480000, 0x00000000d5580000)
  object space 135680K, 24% used [0x0000000080000000,0x00000000820d3f50,0x0000000088480000)
 Metaspace       used 63467K, capacity 66484K, committed 66776K, reserved 1105920K
  class space    used 8755K, capacity 9371K, committed 9472K, reserved 1048576K
}
Event: 16.402 GC heap before
{Heap before GC invocations=17 (full 3):
 PSYoungGen      total 187904K, used 184855K [0x00000000d5580000, 0x00000000e3d00000, 0x0000000100000000)
  eden space 169984K, 100% used [0x00000000d5580000,0x00000000dfb80000,0x00000000dfb80000)
  from space 17920K, 82% used [0x00000000dfb80000,0x00000000e0a05d20,0x00000000e0d00000)
  to   space 19456K, 0% used [0x00000000e2a00000,0x00000000e2a00000,0x00000000e3d00000)
 ParOldGen       total 135680K, used 33615K [0x0000000080000000, 0x0000000088480000, 0x00000000d5580000)
  object space 135680K, 24% used [0x0000000080000000,0x00000000820d3f50,0x0000000088480000)
 Metaspace       used 69670K, capacity 72902K, committed 73176K, reserved 1112064K
  class space    used 9568K, capacity 10218K, committed 10240K, reserved 1048576K
Event: 16.435 GC heap after
Heap after GC invocations=17 (full 3):
 PSYoungGen      total 209408K, used 19448K [0x00000000d5580000, 0x00000000e4e80000, 0x0000000100000000)
  eden space 189952K, 0% used [0x00000000d5580000,0x00000000d5580000,0x00000000e0f00000)
  from space 19456K, 99% used [0x00000000e2a00000,0x00000000e3cfe390,0x00000000e3d00000)
  to   space 27648K, 0% used [0x00000000e0f00000,0x00000000e0f00000,0x00000000e2a00000)
 ParOldGen       total 135680K, used 49377K [0x0000000080000000, 0x0000000088480000, 0x00000000d5580000)
  object space 135680K, 36% used [0x0000000080000000,0x0000000083038638,0x0000000088480000)
 Metaspace       used 69670K, capacity 72902K, committed 73176K, reserved 1112064K
  class space    used 9568K, capacity 10218K, committed 10240K, reserved 1048576K
}
Event: 19.286 GC heap before
{Heap before GC invocations=18 (full 3):
 PSYoungGen      total 209408K, used 209400K [0x00000000d5580000, 0x00000000e4e80000, 0x0000000100000000)
  eden space 189952K, 100% used [0x00000000d5580000,0x00000000e0f00000,0x00000000e0f00000)
  from space 19456K, 99% used [0x00000000e2a00000,0x00000000e3cfe390,0x00000000e3d00000)
  to   space 27648K, 0% used [0x00000000e0f00000,0x00000000e0f00000,0x00000000e2a00000)
 ParOldGen       total 135680K, used 49377K [0x0000000080000000, 0x0000000088480000, 0x00000000d5580000)
  object space 135680K, 36% used [0x0000000080000000,0x0000000083038638,0x0000000088480000)
 Metaspace       used 76106K, capacity 79848K, committed 80088K, reserved 1118208K
  class space    used 10423K, capacity 11163K, committed 11264K, reserved 1048576K
Event: 19.320 GC heap after
Heap after GC invocations=18 (full 3):
 PSYoungGen      total 217600K, used 27643K [0x00000000d5580000, 0x00000000e4e80000, 0x0000000100000000)
  eden space 189952K, 0% used [0x00000000d5580000,0x00000000d5580000,0x00000000e0f00000)
  from space 27648K, 99% used [0x00000000e0f00000,0x00000000e29fee80,0x00000000e2a00000)
  to   space 19456K, 0% used [0x00000000e2a00000,0x00000000e2a00000,0x00000000e3d00000)
 ParOldGen       total 135680K, used 49385K [0x0000000080000000, 0x0000000088480000, 0x00000000d5580000)
  object space 135680K, 36% used [0x0000000080000000,0x000000008303a638,0x0000000088480000)
 Metaspace       used 76106K, capacity 79848K, committed 80088K, reserved 1118208K
  class space    used 10423K, capacity 11163K, committed 11264K, reserved 1048576K
}
Event: 20.767 GC heap before
{Heap before GC invocations=19 (full 3):
 PSYoungGen      total 217600K, used 217595K [0x00000000d5580000, 0x00000000e4e80000, 0x0000000100000000)
  eden space 189952K, 100% used [0x00000000d5580000,0x00000000e0f00000,0x00000000e0f00000)
  from space 27648K, 99% used [0x00000000e0f00000,0x00000000e29fee80,0x00000000e2a00000)
  to   space 19456K, 0% used [0x00000000e2a00000,0x00000000e2a00000,0x00000000e3d00000)
 ParOldGen       total 135680K, used 49385K [0x0000000080000000, 0x0000000088480000, 0x00000000d5580000)
  object space 135680K, 36% used [0x0000000080000000,0x000000008303a638,0x0000000088480000)
 Metaspace       used 76254K, capacity 80008K, committed 80344K, reserved 1118208K
  class space    used 10433K, capacity 11165K, committed 11264K, reserved 1048576K
Event: 20.812 GC heap after
Heap after GC invocations=19 (full 3):
 PSYoungGen      total 209408K, used 19453K [0x00000000d5580000, 0x00000000e4e80000, 0x0000000100000000)
  eden space 189952K, 0% used [0x00000000d5580000,0x00000000d5580000,0x00000000e0f00000)
  from space 19456K, 99% used [0x00000000e2a00000,0x00000000e3cff540,0x00000000e3d00000)
  to   space 27648K, 0% used [0x00000000e0f00000,0x00000000e0f00000,0x00000000e2a00000)
 ParOldGen       total 135680K, used 57451K [0x0000000080000000, 0x0000000088480000, 0x00000000d5580000)
  object space 135680K, 42% used [0x0000000080000000,0x000000008381adf8,0x0000000088480000)
 Metaspace       used 76254K, capacity 80008K, committed 80344K, reserved 1118208K
  class space    used 10433K, capacity 11165K, committed 11264K, reserved 1048576K
}
Event: 22.303 GC heap before
{Heap before GC invocations=20 (full 3):
 PSYoungGen      total 209408K, used 209405K [0x00000000d5580000, 0x00000000e4e80000, 0x0000000100000000)
  eden space 189952K, 100% used [0x00000000d5580000,0x00000000e0f00000,0x00000000e0f00000)
  from space 19456K, 99% used [0x00000000e2a00000,0x00000000e3cff540,0x00000000e3d00000)
  to   space 27648K, 0% used [0x00000000e0f00000,0x00000000e0f00000,0x00000000e2a00000)
 ParOldGen       total 135680K, used 57451K [0x0000000080000000, 0x0000000088480000, 0x00000000d5580000)
  object space 135680K, 42% used [0x0000000080000000,0x000000008381adf8,0x0000000088480000)
 Metaspace       used 76310K, capacity 80080K, committed 80344K, reserved 1118208K
  class space    used 10433K, capacity 11165K, committed 11264K, reserved 1048576K
Event: 22.335 GC heap after
Heap after GC invocations=20 (full 3):
 PSYoungGen      total 217600K, used 6240K [0x00000000d5580000, 0x00000000e4e80000, 0x0000000100000000)
  eden space 189952K, 0% used [0x00000000d5580000,0x00000000d5580000,0x00000000e0f00000)
  from space 27648K, 22% used [0x00000000e0f00000,0x00000000e1518010,0x00000000e2a00000)
  to   space 19456K, 0% used [0x00000000e2a00000,0x00000000e2a00000,0x00000000e3d00000)
 ParOldGen       total 135680K, used 72621K [0x0000000080000000, 0x0000000088480000, 0x00000000d5580000)
  object space 135680K, 53% used [0x0000000080000000,0x00000000846eb5a8,0x0000000088480000)
 Metaspace       used 76310K, capacity 80080K, committed 80344K, reserved 1118208K
  class space    used 10433K, capacity 11165K, committed 11264K, reserved 1048576K
}

