# JRE version: OpenJDK Runtime Environment (8.0_242-b01) (build 1.8.0_242-release-1644-b01)
# Java VM: OpenJDK 64-Bit Server VM (25.242-b01 mixed mode windows-amd64 compressed oops)
Heap:
 PSYoungGen      total 181248K, used 39824K [0x00000000d5580000, 0x00000000e3000000, 0x0000000100000000)
  eden space 162304K, 12% used [0x00000000d5580000,0x00000000d69e4b68,0x00000000df400000)
  from space 18944K, 99% used [0x00000000e1d80000,0x00000000e2fff768,0x00000000e3000000)
  to   space 18432K, 0% used [0x00000000df400000,0x00000000df400000,0x00000000e0600000)
 ParOldGen       total 138240K, used 45027K [0x0000000080000000, 0x0000000088700000, 0x00000000d5580000)
  object space 138240K, 32% used [0x0000000080000000,0x0000000082bf8fd0,0x0000000088700000)
 Metaspace       used 70197K, capacity 73872K, committed 73944K, reserved 1112064K
  class space    used 9710K, capacity 10435K, committed 10496K, reserved 1048576K
GC Heap History (10 events):
Event: 9.097 GC heap before
{Heap before GC invocations=13 (full 2):
 PSYoungGen      total 141824K, used 141377K [0x00000000d5580000, 0x00000000e0180000, 0x0000000100000000)
  eden space 134656K, 100% used [0x00000000d5580000,0x00000000dd900000,0x00000000dd900000)
  from space 7168K, 93% used [0x00000000dfa80000,0x00000000e0110700,0x00000000e0180000)
  to   space 11264K, 0% used [0x00000000deb80000,0x00000000deb80000,0x00000000df680000)
 ParOldGen       total 86528K, used 14885K [0x0000000080000000, 0x0000000085480000, 0x00000000d5580000)
  object space 86528K, 17% used [0x0000000080000000,0x0000000080e89528,0x0000000085480000)
 Metaspace       used 50786K, capacity 52830K, committed 53080K, reserved 1095680K
  class space    used 6798K, capacity 7251K, committed 7296K, reserved 1048576K
Event: 9.120 GC heap after
Heap after GC invocations=13 (full 2):
 PSYoungGen      total 164864K, used 11252K [0x00000000d5580000, 0x00000000e1600000, 0x0000000100000000)
  eden space 153600K, 0% used [0x00000000d5580000,0x00000000d5580000,0x00000000deb80000)
  from space 11264K, 99% used [0x00000000deb80000,0x00000000df67d300,0x00000000df680000)
  to   space 16384K, 0% used [0x00000000e0600000,0x00000000e0600000,0x00000000e1600000)
 ParOldGen       total 86528K, used 25074K [0x0000000080000000, 0x0000000085480000, 0x00000000d5580000)
  object space 86528K, 28% used [0x0000000080000000,0x000000008187cab0,0x0000000085480000)
 Metaspace       used 50786K, capacity 52830K, committed 53080K, reserved 1095680K
  class space    used 6798K, capacity 7251K, committed 7296K, reserved 1048576K
}
Event: 10.501 GC heap before
{Heap before GC invocations=14 (full 2):
 PSYoungGen      total 164864K, used 87615K [0x00000000d5580000, 0x00000000e1600000, 0x0000000100000000)
  eden space 153600K, 49% used [0x00000000d5580000,0x00000000da012ad8,0x00000000deb80000)
  from space 11264K, 99% used [0x00000000deb80000,0x00000000df67d300,0x00000000df680000)
  to   space 16384K, 0% used [0x00000000e0600000,0x00000000e0600000,0x00000000e1600000)
 ParOldGen       total 86528K, used 25074K [0x0000000080000000, 0x0000000085480000, 0x00000000d5580000)
  object space 86528K, 28% used [0x0000000080000000,0x000000008187cab0,0x0000000085480000)
 Metaspace       used 56460K, capacity 58858K, committed 58968K, reserved 1099776K
  class space    used 7728K, capacity 8216K, committed 8320K, reserved 1048576K
Event: 10.531 GC heap after
Heap after GC invocations=14 (full 2):
 PSYoungGen      total 178688K, used 15971K [0x00000000d5580000, 0x00000000e3200000, 0x0000000100000000)
  eden space 162304K, 0% used [0x00000000d5580000,0x00000000d5580000,0x00000000df400000)
  from space 16384K, 97% used [0x00000000e0600000,0x00000000e1598c88,0x00000000e1600000)
  to   space 18432K, 0% used [0x00000000df400000,0x00000000df400000,0x00000000e0600000)
 ParOldGen       total 86528K, used 29428K [0x0000000080000000, 0x0000000085480000, 0x00000000d5580000)
  object space 86528K, 34% used [0x0000000080000000,0x0000000081cbd3a0,0x0000000085480000)
 Metaspace       used 56460K, capacity 58858K, committed 58968K, reserved 1099776K
  class space    used 7728K, capacity 8216K, committed 8320K, reserved 1048576K
}
Event: 10.531 GC heap before
{Heap before GC invocations=15 (full 3):
 PSYoungGen      total 178688K, used 15971K [0x00000000d5580000, 0x00000000e3200000, 0x0000000100000000)
  eden space 162304K, 0% used [0x00000000d5580000,0x00000000d5580000,0x00000000df400000)
  from space 16384K, 97% used [0x00000000e0600000,0x00000000e1598c88,0x00000000e1600000)
  to   space 18432K, 0% used [0x00000000df400000,0x00000000df400000,0x00000000e0600000)
 ParOldGen       total 86528K, used 29428K [0x0000000080000000, 0x0000000085480000, 0x00000000d5580000)
  object space 86528K, 34% used [0x0000000080000000,0x0000000081cbd3a0,0x0000000085480000)
 Metaspace       used 56460K, capacity 58858K, committed 58968K, reserved 1099776K
  class space    used 7728K, capacity 8216K, committed 8320K, reserved 1048576K
Event: 10.944 GC heap after
Heap after GC invocations=15 (full 3):
 PSYoungGen      total 178688K, used 0K [0x00000000d5580000, 0x00000000e3200000, 0x0000000100000000)
  eden space 162304K, 0% used [0x00000000d5580000,0x00000000d5580000,0x00000000df400000)
  from space 16384K, 0% used [0x00000000e0600000,0x00000000e0600000,0x00000000e1600000)
  to   space 18432K, 0% used [0x00000000df400000,0x00000000df400000,0x00000000e0600000)
 ParOldGen       total 138240K, used 33558K [0x0000000080000000, 0x0000000088700000, 0x00000000d5580000)
  object space 138240K, 24% used [0x0000000080000000,0x00000000820c5ba0,0x0000000088700000)
 Metaspace       used 56417K, capacity 58714K, committed 58968K, reserved 1099776K
  class space    used 7715K, capacity 8192K, committed 8320K, reserved 1048576K
}
Event: 14.154 GC heap before
{Heap before GC invocations=16 (full 3):
 PSYoungGen      total 178688K, used 162304K [0x00000000d5580000, 0x00000000e3200000, 0x0000000100000000)
  eden space 162304K, 100% used [0x00000000d5580000,0x00000000df400000,0x00000000df400000)
  from space 16384K, 0% used [0x00000000e0600000,0x00000000e0600000,0x00000000e1600000)
  to   space 18432K, 0% used [0x00000000df400000,0x00000000df400000,0x00000000e0600000)
 ParOldGen       total 138240K, used 33558K [0x0000000080000000, 0x0000000088700000, 0x00000000d5580000)
  object space 138240K, 24% used [0x0000000080000000,0x00000000820c5ba0,0x0000000088700000)
 Metaspace       used 63266K, capacity 66254K, committed 66392K, reserved 1105920K
  class space    used 8732K, capacity 9312K, committed 9344K, reserved 1048576K
Event: 14.171 GC heap after
Heap after GC invocations=16 (full 3):
 PSYoungGen      total 180736K, used 14289K [0x00000000d5580000, 0x00000000e3000000, 0x0000000100000000)
  eden space 162304K, 0% used [0x00000000d5580000,0x00000000d5580000,0x00000000df400000)
  from space 18432K, 77% used [0x00000000df400000,0x00000000e01f44d8,0x00000000e0600000)
  to   space 18944K, 0% used [0x00000000e1d80000,0x00000000e1d80000,0x00000000e3000000)
 ParOldGen       total 138240K, used 33566K [0x0000000080000000, 0x0000000088700000, 0x00000000d5580000)
  object space 138240K, 24% used [0x0000000080000000,0x00000000820c7ba0,0x0000000088700000)
 Metaspace       used 63266K, capacity 66254K, committed 66392K, reserved 1105920K
  class space    used 8732K, capacity 9312K, committed 9344K, reserved 1048576K
}
Event: 15.970 GC heap before
{Heap before GC invocations=17 (full 3):
 PSYoungGen      total 180736K, used 176593K [0x00000000d5580000, 0x00000000e3000000, 0x0000000100000000)
  eden space 162304K, 100% used [0x00000000d5580000,0x00000000df400000,0x00000000df400000)
  from space 18432K, 77% used [0x00000000df400000,0x00000000e01f44d8,0x00000000e0600000)
  to   space 18944K, 0% used [0x00000000e1d80000,0x00000000e1d80000,0x00000000e3000000)
 ParOldGen       total 138240K, used 33566K [0x0000000080000000, 0x0000000088700000, 0x00000000d5580000)
  object space 138240K, 24% used [0x0000000080000000,0x00000000820c7ba0,0x0000000088700000)
 Metaspace       used 69098K, capacity 72612K, committed 72664K, reserved 1112064K
  class space    used 9552K, capacity 10235K, committed 10240K, reserved 1048576K
Event: 16.003 GC heap after
Heap after GC invocations=17 (full 3):
 PSYoungGen      total 181248K, used 18941K [0x00000000d5580000, 0x00000000e3000000, 0x0000000100000000)
  eden space 162304K, 0% used [0x00000000d5580000,0x00000000d5580000,0x00000000df400000)
  from space 18944K, 99% used [0x00000000e1d80000,0x00000000e2fff768,0x00000000e3000000)
  to   space 18432K, 0% used [0x00000000df400000,0x00000000df400000,0x00000000e0600000)
 ParOldGen       total 138240K, used 45027K [0x0000000080000000, 0x0000000088700000, 0x00000000d5580000)
  object space 138240K, 32% used [0x0000000080000000,0x0000000082bf8fd0,0x0000000088700000)
 Metaspace       used 69098K, capacity 72612K, committed 72664K, reserved 1112064K
  class space    used 9552K, capacity 10235K, committed 10240K, reserved 1048576K
}

