# JRE version: OpenJDK Runtime Environment (8.0_242-b01) (build 1.8.0_242-release-1644-b01)
# Java VM: OpenJDK 64-Bit Server VM (25.242-b01 mixed mode windows-amd64 compressed oops)
Heap:
 PSYoungGen      total 308736K, used 304051K [0x00000000d5580000, 0x00000000ebb80000, 0x0000000100000000)
  eden space 285184K, 98% used [0x00000000d5580000,0x00000000e676fb40,0x00000000e6c00000)
  from space 23552K, 99% used [0x00000000e8f00000,0x00000000ea5fd0f8,0x00000000ea600000)
  to   space 35840K, 0% used [0x00000000e6c00000,0x00000000e6c00000,0x00000000e8f00000)
 ParOldGen       total 103424K, used 54636K [0x0000000080000000, 0x0000000086500000, 0x00000000d5580000)
  object space 103424K, 52% used [0x0000000080000000,0x000000008355b0c8,0x0000000086500000)
 Metaspace       used 76560K, capacity 80526K, committed 80728K, reserved 1118208K
  class space    used 10518K, capacity 11270K, committed 11392K, reserved 1048576K
GC Heap History (10 events):
Event: 7.204 GC heap before
{Heap before GC invocations=13 (full 2):
 PSYoungGen      total 183296K, used 183090K [0x00000000d5580000, 0x00000000e2480000, 0x0000000100000000)
  eden space 175104K, 100% used [0x00000000d5580000,0x00000000e0080000,0x00000000e0080000)
  from space 8192K, 97% used [0x00000000e1c80000,0x00000000e244ca78,0x00000000e2480000)
  to   space 12800K, 0% used [0x00000000e0b80000,0x00000000e0b80000,0x00000000e1800000)
 ParOldGen       total 68608K, used 17718K [0x0000000080000000, 0x0000000084300000, 0x00000000d5580000)
  object space 68608K, 25% used [0x0000000080000000,0x000000008114db20,0x0000000084300000)
 Metaspace       used 54953K, capacity 57312K, committed 57688K, reserved 1099776K
  class space    used 7485K, capacity 7987K, committed 8064K, reserved 1048576K
Event: 7.223 GC heap after
Heap after GC invocations=13 (full 2):
 PSYoungGen      total 199168K, used 12772K [0x00000000d5580000, 0x00000000e6300000, 0x0000000100000000)
  eden space 186368K, 0% used [0x00000000d5580000,0x00000000d5580000,0x00000000e0b80000)
  from space 12800K, 99% used [0x00000000e0b80000,0x00000000e17f9238,0x00000000e1800000)
  to   space 19968K, 0% used [0x00000000e4f80000,0x00000000e4f80000,0x00000000e6300000)
 ParOldGen       total 68608K, used 32814K [0x0000000080000000, 0x0000000084300000, 0x00000000d5580000)
  object space 68608K, 47% used [0x0000000080000000,0x000000008200bbc8,0x0000000084300000)
 Metaspace       used 54953K, capacity 57312K, committed 57688K, reserved 1099776K
  class space    used 7485K, capacity 7987K, committed 8064K, reserved 1048576K
}
Event: 7.445 GC heap before
{Heap before GC invocations=14 (full 2):
 PSYoungGen      total 199168K, used 38496K [0x00000000d5580000, 0x00000000e6300000, 0x0000000100000000)
  eden space 186368K, 13% used [0x00000000d5580000,0x00000000d6e9ee88,0x00000000e0b80000)
  from space 12800K, 99% used [0x00000000e0b80000,0x00000000e17f9238,0x00000000e1800000)
  to   space 19968K, 0% used [0x00000000e4f80000,0x00000000e4f80000,0x00000000e6300000)
 ParOldGen       total 68608K, used 32814K [0x0000000080000000, 0x0000000084300000, 0x00000000d5580000)
  object space 68608K, 47% used [0x0000000080000000,0x000000008200bbc8,0x0000000084300000)
 Metaspace       used 56543K, capacity 58868K, committed 58968K, reserved 1099776K
  class space    used 7737K, capacity 8221K, committed 8320K, reserved 1048576K
Event: 7.455 GC heap after
Heap after GC invocations=14 (full 2):
 PSYoungGen      total 256000K, used 2420K [0x00000000d5580000, 0x00000000e7180000, 0x0000000100000000)
  eden space 236032K, 0% used [0x00000000d5580000,0x00000000d5580000,0x00000000e3c00000)
  from space 19968K, 12% used [0x00000000e4f80000,0x00000000e51dd320,0x00000000e6300000)
  to   space 19968K, 0% used [0x00000000e3c00000,0x00000000e3c00000,0x00000000e4f80000)
 ParOldGen       total 68608K, used 43733K [0x0000000080000000, 0x0000000084300000, 0x00000000d5580000)
  object space 68608K, 63% used [0x0000000080000000,0x0000000082ab5778,0x0000000084300000)
 Metaspace       used 56543K, capacity 58868K, committed 58968K, reserved 1099776K
  class space    used 7737K, capacity 8221K, committed 8320K, reserved 1048576K
}
Event: 7.455 GC heap before
{Heap before GC invocations=15 (full 3):
 PSYoungGen      total 256000K, used 2420K [0x00000000d5580000, 0x00000000e7180000, 0x0000000100000000)
  eden space 236032K, 0% used [0x00000000d5580000,0x00000000d5580000,0x00000000e3c00000)
  from space 19968K, 12% used [0x00000000e4f80000,0x00000000e51dd320,0x00000000e6300000)
  to   space 19968K, 0% used [0x00000000e3c00000,0x00000000e3c00000,0x00000000e4f80000)
 ParOldGen       total 68608K, used 43733K [0x0000000080000000, 0x0000000084300000, 0x00000000d5580000)
  object space 68608K, 63% used [0x0000000080000000,0x0000000082ab5778,0x0000000084300000)
 Metaspace       used 56543K, capacity 58868K, committed 58968K, reserved 1099776K
  class space    used 7737K, capacity 8221K, committed 8320K, reserved 1048576K
Event: 7.644 GC heap after
Heap after GC invocations=15 (full 3):
 PSYoungGen      total 256000K, used 0K [0x00000000d5580000, 0x00000000e7180000, 0x0000000100000000)
  eden space 236032K, 0% used [0x00000000d5580000,0x00000000d5580000,0x00000000e3c00000)
  from space 19968K, 0% used [0x00000000e4f80000,0x00000000e4f80000,0x00000000e6300000)
  to   space 19968K, 0% used [0x00000000e3c00000,0x00000000e3c00000,0x00000000e4f80000)
 ParOldGen       total 103424K, used 30491K [0x0000000080000000, 0x0000000086500000, 0x00000000d5580000)
  object space 103424K, 29% used [0x0000000080000000,0x0000000081dc6f38,0x0000000086500000)
 Metaspace       used 56500K, capacity 58724K, committed 58968K, reserved 1099776K
  class space    used 7723K, capacity 8197K, committed 8320K, reserved 1048576K
}
Event: 9.537 GC heap before
{Heap before GC invocations=16 (full 3):
 PSYoungGen      total 256000K, used 236032K [0x00000000d5580000, 0x00000000e7180000, 0x0000000100000000)
  eden space 236032K, 100% used [0x00000000d5580000,0x00000000e3c00000,0x00000000e3c00000)
  from space 19968K, 0% used [0x00000000e4f80000,0x00000000e4f80000,0x00000000e6300000)
  to   space 19968K, 0% used [0x00000000e3c00000,0x00000000e3c00000,0x00000000e4f80000)
 ParOldGen       total 103424K, used 30491K [0x0000000080000000, 0x0000000086500000, 0x00000000d5580000)
  object space 103424K, 29% used [0x0000000080000000,0x0000000081dc6f38,0x0000000086500000)
 Metaspace       used 66494K, capacity 69578K, committed 69720K, reserved 1110016K
  class space    used 9149K, capacity 9768K, committed 9856K, reserved 1048576K
Event: 9.555 GC heap after
Heap after GC invocations=16 (full 3):
 PSYoungGen      total 256000K, used 19958K [0x00000000d5580000, 0x00000000ea600000, 0x0000000100000000)
  eden space 236032K, 0% used [0x00000000d5580000,0x00000000d5580000,0x00000000e3c00000)
  from space 19968K, 99% used [0x00000000e3c00000,0x00000000e4f7da30,0x00000000e4f80000)
  to   space 23552K, 0% used [0x00000000e8f00000,0x00000000e8f00000,0x00000000ea600000)
 ParOldGen       total 103424K, used 31342K [0x0000000080000000, 0x0000000086500000, 0x00000000d5580000)
  object space 103424K, 30% used [0x0000000080000000,0x0000000081e9bb10,0x0000000086500000)
 Metaspace       used 66494K, capacity 69578K, committed 69720K, reserved 1110016K
  class space    used 9149K, capacity 9768K, committed 9856K, reserved 1048576K
}
Event: 10.869 GC heap before
{Heap before GC invocations=17 (full 3):
 PSYoungGen      total 256000K, used 255990K [0x00000000d5580000, 0x00000000ea600000, 0x0000000100000000)
  eden space 236032K, 100% used [0x00000000d5580000,0x00000000e3c00000,0x00000000e3c00000)
  from space 19968K, 99% used [0x00000000e3c00000,0x00000000e4f7da30,0x00000000e4f80000)
  to   space 23552K, 0% used [0x00000000e8f00000,0x00000000e8f00000,0x00000000ea600000)
 ParOldGen       total 103424K, used 31342K [0x0000000080000000, 0x0000000086500000, 0x00000000d5580000)
  object space 103424K, 30% used [0x0000000080000000,0x0000000081e9bb10,0x0000000086500000)
 Metaspace       used 75672K, capacity 79536K, committed 79576K, reserved 1118208K
  class space    used 10480K, capacity 11227K, committed 11264K, reserved 1048576K
Event: 10.900 GC heap after
Heap after GC invocations=17 (full 3):
 PSYoungGen      total 308736K, used 23540K [0x00000000d5580000, 0x00000000ebb80000, 0x0000000100000000)
  eden space 285184K, 0% used [0x00000000d5580000,0x00000000d5580000,0x00000000e6c00000)
  from space 23552K, 99% used [0x00000000e8f00000,0x00000000ea5fd0f8,0x00000000ea600000)
  to   space 35840K, 0% used [0x00000000e6c00000,0x00000000e6c00000,0x00000000e8f00000)
 ParOldGen       total 103424K, used 54636K [0x0000000080000000, 0x0000000086500000, 0x00000000d5580000)
  object space 103424K, 52% used [0x0000000080000000,0x000000008355b0c8,0x0000000086500000)
 Metaspace       used 75672K, capacity 79536K, committed 79576K, reserved 1118208K
  class space    used 10480K, capacity 11227K, committed 11264K, reserved 1048576K
}

