# JRE version: OpenJDK Runtime Environment (8.0_242-b01) (build 1.8.0_242-release-1644-b01)
# Java VM: OpenJDK 64-Bit Server VM (25.242-b01 mixed mode windows-amd64 compressed oops)
Heap:
 PSYoungGen      total 280064K, used 187870K [0x00000000d5580000, 0x00000000e8980000, 0x0000000100000000)
  eden space 248832K, 72% used [0x00000000d5580000,0x00000000e05beed0,0x00000000e4880000)
  from space 31232K, 23% used [0x00000000e6b00000,0x00000000e7238bc0,0x00000000e8980000)
  to   space 33280K, 0% used [0x00000000e4880000,0x00000000e4880000,0x00000000e6900000)
 ParOldGen       total 156160K, used 98058K [0x0000000080000000, 0x0000000089880000, 0x00000000d5580000)
  object space 156160K, 62% used [0x0000000080000000,0x0000000085fc2a08,0x0000000089880000)
 Metaspace       used 78652K, capacity 83548K, committed 83672K, reserved 1122304K
  class space    used 10823K, capacity 11749K, committed 11776K, reserved 1048576K
GC Heap History (10 events):
Event: 23.555 GC heap before
{Heap before GC invocations=23 (full 3):
 PSYoungGen      total 243200K, used 231033K [0x00000000d5580000, 0x00000000e6900000, 0x0000000100000000)
  eden space 208896K, 100% used [0x00000000d5580000,0x00000000e2180000,0x00000000e2180000)
  from space 34304K, 64% used [0x00000000e2180000,0x00000000e371e418,0x00000000e4300000)
  to   space 34304K, 0% used [0x00000000e4300000,0x00000000e4300000,0x00000000e6480000)
 ParOldGen       total 156160K, used 76407K [0x0000000080000000, 0x0000000089880000, 0x00000000d5580000)
  object space 156160K, 48% used [0x0000000080000000,0x0000000084a9dfa8,0x0000000089880000)
 Metaspace       used 78245K, capacity 83116K, committed 83160K, reserved 1120256K
  class space    used 10823K, capacity 11749K, committed 11776K, reserved 1048576K
Event: 23.600 GC heap after
Heap after GC invocations=23 (full 3):
 PSYoungGen      total 243200K, used 23334K [0x00000000d5580000, 0x00000000e6900000, 0x0000000100000000)
  eden space 208896K, 0% used [0x00000000d5580000,0x00000000d5580000,0x00000000e2180000)
  from space 34304K, 68% used [0x00000000e4300000,0x00000000e59c98b8,0x00000000e6480000)
  to   space 34304K, 0% used [0x00000000e2180000,0x00000000e2180000,0x00000000e4300000)
 ParOldGen       total 156160K, used 76415K [0x0000000080000000, 0x0000000089880000, 0x00000000d5580000)
  object space 156160K, 48% used [0x0000000080000000,0x0000000084a9ffa8,0x0000000089880000)
 Metaspace       used 78245K, capacity 83116K, committed 83160K, reserved 1120256K
  class space    used 10823K, capacity 11749K, committed 11776K, reserved 1048576K
}
Event: 24.183 GC heap before
{Heap before GC invocations=24 (full 3):
 PSYoungGen      total 243200K, used 232230K [0x00000000d5580000, 0x00000000e6900000, 0x0000000100000000)
  eden space 208896K, 100% used [0x00000000d5580000,0x00000000e2180000,0x00000000e2180000)
  from space 34304K, 68% used [0x00000000e4300000,0x00000000e59c98b8,0x00000000e6480000)
  to   space 34304K, 0% used [0x00000000e2180000,0x00000000e2180000,0x00000000e4300000)
 ParOldGen       total 156160K, used 76415K [0x0000000080000000, 0x0000000089880000, 0x00000000d5580000)
  object space 156160K, 48% used [0x0000000080000000,0x0000000084a9ffa8,0x0000000089880000)
 Metaspace       used 78302K, capacity 83188K, committed 83416K, reserved 1120256K
  class space    used 10823K, capacity 11749K, committed 11776K, reserved 1048576K
Event: 24.217 GC heap after
Heap after GC invocations=24 (full 3):
 PSYoungGen      total 243200K, used 17904K [0x00000000d5580000, 0x00000000e6900000, 0x0000000100000000)
  eden space 208896K, 0% used [0x00000000d5580000,0x00000000d5580000,0x00000000e2180000)
  from space 34304K, 52% used [0x00000000e2180000,0x00000000e32fc058,0x00000000e4300000)
  to   space 34304K, 0% used [0x00000000e4300000,0x00000000e4300000,0x00000000e6480000)
 ParOldGen       total 156160K, used 84227K [0x0000000080000000, 0x0000000089880000, 0x00000000d5580000)
  object space 156160K, 53% used [0x0000000080000000,0x0000000085240cf0,0x0000000089880000)
 Metaspace       used 78302K, capacity 83188K, committed 83416K, reserved 1120256K
  class space    used 10823K, capacity 11749K, committed 11776K, reserved 1048576K
}
Event: 24.820 GC heap before
{Heap before GC invocations=25 (full 3):
 PSYoungGen      total 243200K, used 226800K [0x00000000d5580000, 0x00000000e6900000, 0x0000000100000000)
  eden space 208896K, 100% used [0x00000000d5580000,0x00000000e2180000,0x00000000e2180000)
  from space 34304K, 52% used [0x00000000e2180000,0x00000000e32fc058,0x00000000e4300000)
  to   space 34304K, 0% used [0x00000000e4300000,0x00000000e4300000,0x00000000e6480000)
 ParOldGen       total 156160K, used 84227K [0x0000000080000000, 0x0000000089880000, 0x00000000d5580000)
  object space 156160K, 53% used [0x0000000080000000,0x0000000085240cf0,0x0000000089880000)
 Metaspace       used 78510K, capacity 83400K, committed 83672K, reserved 1122304K
  class space    used 10823K, capacity 11749K, committed 11776K, reserved 1048576K
Event: 24.851 GC heap after
Heap after GC invocations=25 (full 3):
 PSYoungGen      total 243200K, used 8290K [0x00000000d5580000, 0x00000000e6900000, 0x0000000100000000)
  eden space 208896K, 0% used [0x00000000d5580000,0x00000000d5580000,0x00000000e2180000)
  from space 34304K, 24% used [0x00000000e4300000,0x00000000e4b18bd0,0x00000000e6480000)
  to   space 34304K, 0% used [0x00000000e2180000,0x00000000e2180000,0x00000000e4300000)
 ParOldGen       total 156160K, used 93582K [0x0000000080000000, 0x0000000089880000, 0x00000000d5580000)
  object space 156160K, 59% used [0x0000000080000000,0x0000000085b639c8,0x0000000089880000)
 Metaspace       used 78510K, capacity 83400K, committed 83672K, reserved 1122304K
  class space    used 10823K, capacity 11749K, committed 11776K, reserved 1048576K
}
Event: 25.478 GC heap before
{Heap before GC invocations=26 (full 3):
 PSYoungGen      total 243200K, used 217186K [0x00000000d5580000, 0x00000000e6900000, 0x0000000100000000)
  eden space 208896K, 100% used [0x00000000d5580000,0x00000000e2180000,0x00000000e2180000)
  from space 34304K, 24% used [0x00000000e4300000,0x00000000e4b18bd0,0x00000000e6480000)
  to   space 34304K, 0% used [0x00000000e2180000,0x00000000e2180000,0x00000000e4300000)
 ParOldGen       total 156160K, used 93582K [0x0000000080000000, 0x0000000089880000, 0x00000000d5580000)
  object space 156160K, 59% used [0x0000000080000000,0x0000000085b639c8,0x0000000089880000)
 Metaspace       used 78534K, capacity 83472K, committed 83672K, reserved 1122304K
  class space    used 10823K, capacity 11749K, committed 11776K, reserved 1048576K
Event: 25.494 GC heap after
Heap after GC invocations=26 (full 3):
 PSYoungGen      total 243200K, used 7378K [0x00000000d5580000, 0x00000000e8c00000, 0x0000000100000000)
  eden space 208896K, 0% used [0x00000000d5580000,0x00000000d5580000,0x00000000e2180000)
  from space 34304K, 21% used [0x00000000e2180000,0x00000000e28b4bb0,0x00000000e4300000)
  to   space 33792K, 0% used [0x00000000e6b00000,0x00000000e6b00000,0x00000000e8c00000)
 ParOldGen       total 156160K, used 96390K [0x0000000080000000, 0x0000000089880000, 0x00000000d5580000)
  object space 156160K, 61% used [0x0000000080000000,0x0000000085e219f8,0x0000000089880000)
 Metaspace       used 78534K, capacity 83472K, committed 83672K, reserved 1122304K
  class space    used 10823K, capacity 11749K, committed 11776K, reserved 1048576K
}
Event: 26.070 GC heap before
{Heap before GC invocations=27 (full 3):
 PSYoungGen      total 243200K, used 216274K [0x00000000d5580000, 0x00000000e8c00000, 0x0000000100000000)
  eden space 208896K, 100% used [0x00000000d5580000,0x00000000e2180000,0x00000000e2180000)
  from space 34304K, 21% used [0x00000000e2180000,0x00000000e28b4bb0,0x00000000e4300000)
  to   space 33792K, 0% used [0x00000000e6b00000,0x00000000e6b00000,0x00000000e8c00000)
 ParOldGen       total 156160K, used 96390K [0x0000000080000000, 0x0000000089880000, 0x00000000d5580000)
  object space 156160K, 61% used [0x0000000080000000,0x0000000085e219f8,0x0000000089880000)
 Metaspace       used 78554K, capacity 83484K, committed 83672K, reserved 1122304K
  class space    used 10823K, capacity 11749K, committed 11776K, reserved 1048576K
Event: 26.089 GC heap after
Heap after GC invocations=27 (full 3):
 PSYoungGen      total 280064K, used 7394K [0x00000000d5580000, 0x00000000e8980000, 0x0000000100000000)
  eden space 248832K, 0% used [0x00000000d5580000,0x00000000d5580000,0x00000000e4880000)
  from space 31232K, 23% used [0x00000000e6b00000,0x00000000e7238bc0,0x00000000e8980000)
  to   space 33280K, 0% used [0x00000000e4880000,0x00000000e4880000,0x00000000e6900000)
 ParOldGen       total 156160K, used 98058K [0x0000000080000000, 0x0000000089880000, 0x00000000d5580000)
  object space 156160K, 62% used [0x0000000080000000,0x0000000085fc2a08,0x0000000089880000)
 Metaspace       used 78554K, capacity 83484K, committed 83672K, reserved 1122304K
  class space    used 10823K, capacity 11749K, committed 11776K, reserved 1048576K
}

