# JRE version: OpenJDK Runtime Environment (8.0_242-b01) (build 1.8.0_242-release-1644-b01)
# Java VM: OpenJDK 64-Bit Server VM (25.242-b01 mixed mode windows-amd64 compressed oops)
Heap:
 PSYoungGen      total 253952K, used 71602K [0x00000000d5580000, 0x00000000ea180000, 0x0000000100000000)
  eden space 233472K, 21% used [0x00000000d5580000,0x00000000d8770928,0x00000000e3980000)
  from space 20480K, 99% used [0x00000000e3980000,0x00000000e4d7c278,0x00000000e4d80000)
  to   space 23552K, 0% used [0x00000000e8a80000,0x00000000e8a80000,0x00000000ea180000)
 ParOldGen       total 69632K, used 30697K [0x0000000080000000, 0x0000000084400000, 0x00000000d5580000)
  object space 69632K, 44% used [0x0000000080000000,0x0000000081dfa700,0x0000000084400000)
 Metaspace       used 67003K, capacity 70144K, committed 70232K, reserved 1112064K
  class space    used 9199K, capacity 9841K, committed 9856K, reserved 1048576K
GC Heap History (10 events):
Event: 11.651 GC heap before
{Heap before GC invocations=12 (full 2):
 PSYoungGen      total 137216K, used 125952K [0x00000000d5580000, 0x00000000e2500000, 0x0000000100000000)
  eden space 125952K, 100% used [0x00000000d5580000,0x00000000dd080000,0x00000000dd080000)
  from space 11264K, 0% used [0x00000000dd080000,0x00000000dd080000,0x00000000ddb80000)
  to   space 12800K, 0% used [0x00000000e1880000,0x00000000e1880000,0x00000000e2500000)
 ParOldGen       total 69632K, used 17703K [0x0000000080000000, 0x0000000084400000, 0x00000000d5580000)
  object space 69632K, 25% used [0x0000000080000000,0x0000000081149f68,0x0000000084400000)
 Metaspace       used 38560K, capacity 40356K, committed 40536K, reserved 1083392K
  class space    used 5311K, capacity 5686K, committed 5760K, reserved 1048576K
Event: 11.664 GC heap after
Heap after GC invocations=12 (full 2):
 PSYoungGen      total 183296K, used 9245K [0x00000000d5580000, 0x00000000e2200000, 0x0000000100000000)
  eden space 173568K, 0% used [0x00000000d5580000,0x00000000d5580000,0x00000000dff00000)
  from space 9728K, 95% used [0x00000000e1880000,0x00000000e2187428,0x00000000e2200000)
  to   space 13312K, 0% used [0x00000000e0800000,0x00000000e0800000,0x00000000e1500000)
 ParOldGen       total 69632K, used 17711K [0x0000000080000000, 0x0000000084400000, 0x00000000d5580000)
  object space 69632K, 25% used [0x0000000080000000,0x000000008114bf68,0x0000000084400000)
 Metaspace       used 38560K, capacity 40356K, committed 40536K, reserved 1083392K
  class space    used 5311K, capacity 5686K, committed 5760K, reserved 1048576K
}
Event: 15.101 GC heap before
{Heap before GC invocations=13 (full 2):
 PSYoungGen      total 183296K, used 182813K [0x00000000d5580000, 0x00000000e2200000, 0x0000000100000000)
  eden space 173568K, 100% used [0x00000000d5580000,0x00000000dff00000,0x00000000dff00000)
  from space 9728K, 95% used [0x00000000e1880000,0x00000000e2187428,0x00000000e2200000)
  to   space 13312K, 0% used [0x00000000e0800000,0x00000000e0800000,0x00000000e1500000)
 ParOldGen       total 69632K, used 17711K [0x0000000080000000, 0x0000000084400000, 0x00000000d5580000)
  object space 69632K, 25% used [0x0000000080000000,0x000000008114bf68,0x0000000084400000)
 Metaspace       used 55321K, capacity 57662K, committed 57944K, reserved 1099776K
  class space    used 7531K, capacity 8018K, committed 8064K, reserved 1048576K
Event: 15.146 GC heap after
Heap after GC invocations=13 (full 2):
 PSYoungGen      total 196096K, used 13287K [0x00000000d5580000, 0x00000000e6100000, 0x0000000100000000)
  eden space 182784K, 0% used [0x00000000d5580000,0x00000000d5580000,0x00000000e0800000)
  from space 13312K, 99% used [0x00000000e0800000,0x00000000e14f9e90,0x00000000e1500000)
  to   space 19968K, 0% used [0x00000000e4d80000,0x00000000e4d80000,0x00000000e6100000)
 ParOldGen       total 69632K, used 31903K [0x0000000080000000, 0x0000000084400000, 0x00000000d5580000)
  object space 69632K, 45% used [0x0000000080000000,0x0000000081f27c80,0x0000000084400000)
 Metaspace       used 55321K, capacity 57662K, committed 57944K, reserved 1099776K
  class space    used 7531K, capacity 8018K, committed 8064K, reserved 1048576K
}
Event: 15.526 GC heap before
{Heap before GC invocations=14 (full 2):
 PSYoungGen      total 196096K, used 32902K [0x00000000d5580000, 0x00000000e6100000, 0x0000000100000000)
  eden space 182784K, 10% used [0x00000000d5580000,0x00000000d68a7978,0x00000000e0800000)
  from space 13312K, 99% used [0x00000000e0800000,0x00000000e14f9e90,0x00000000e1500000)
  to   space 19968K, 0% used [0x00000000e4d80000,0x00000000e4d80000,0x00000000e6100000)
 ParOldGen       total 69632K, used 31903K [0x0000000080000000, 0x0000000084400000, 0x00000000d5580000)
  object space 69632K, 45% used [0x0000000080000000,0x0000000081f27c80,0x0000000084400000)
 Metaspace       used 56472K, capacity 58832K, committed 58968K, reserved 1099776K
  class space    used 7722K, capacity 8211K, committed 8320K, reserved 1048576K
Event: 15.551 GC heap after
Heap after GC invocations=14 (full 2):
 PSYoungGen      total 253440K, used 1728K [0x00000000d5580000, 0x00000000e7380000, 0x0000000100000000)
  eden space 233472K, 0% used [0x00000000d5580000,0x00000000d5580000,0x00000000e3980000)
  from space 19968K, 8% used [0x00000000e4d80000,0x00000000e4f30000,0x00000000e6100000)
  to   space 20480K, 0% used [0x00000000e3980000,0x00000000e3980000,0x00000000e4d80000)
 ParOldGen       total 69632K, used 42971K [0x0000000080000000, 0x0000000084400000, 0x00000000d5580000)
  object space 69632K, 61% used [0x0000000080000000,0x00000000829f6c88,0x0000000084400000)
 Metaspace       used 56472K, capacity 58832K, committed 58968K, reserved 1099776K
  class space    used 7722K, capacity 8211K, committed 8320K, reserved 1048576K
}
Event: 15.551 GC heap before
{Heap before GC invocations=15 (full 3):
 PSYoungGen      total 253440K, used 1728K [0x00000000d5580000, 0x00000000e7380000, 0x0000000100000000)
  eden space 233472K, 0% used [0x00000000d5580000,0x00000000d5580000,0x00000000e3980000)
  from space 19968K, 8% used [0x00000000e4d80000,0x00000000e4f30000,0x00000000e6100000)
  to   space 20480K, 0% used [0x00000000e3980000,0x00000000e3980000,0x00000000e4d80000)
 ParOldGen       total 69632K, used 42971K [0x0000000080000000, 0x0000000084400000, 0x00000000d5580000)
  object space 69632K, 61% used [0x0000000080000000,0x00000000829f6c88,0x0000000084400000)
 Metaspace       used 56472K, capacity 58832K, committed 58968K, reserved 1099776K
  class space    used 7722K, capacity 8211K, committed 8320K, reserved 1048576K
Event: 16.043 GC heap after
Heap after GC invocations=15 (full 3):
 PSYoungGen      total 253440K, used 0K [0x00000000d5580000, 0x00000000e7380000, 0x0000000100000000)
  eden space 233472K, 0% used [0x00000000d5580000,0x00000000d5580000,0x00000000e3980000)
  from space 19968K, 0% used [0x00000000e4d80000,0x00000000e4d80000,0x00000000e6100000)
  to   space 20480K, 0% used [0x00000000e3980000,0x00000000e3980000,0x00000000e4d80000)
 ParOldGen       total 69632K, used 30169K [0x0000000080000000, 0x0000000084400000, 0x00000000d5580000)
  object space 69632K, 43% used [0x0000000080000000,0x0000000081d764b0,0x0000000084400000)
 Metaspace       used 56436K, capacity 58712K, committed 58968K, reserved 1099776K
  class space    used 7711K, capacity 8191K, committed 8320K, reserved 1048576K
}
Event: 20.796 GC heap before
{Heap before GC invocations=16 (full 3):
 PSYoungGen      total 253440K, used 233472K [0x00000000d5580000, 0x00000000e7380000, 0x0000000100000000)
  eden space 233472K, 100% used [0x00000000d5580000,0x00000000e3980000,0x00000000e3980000)
  from space 19968K, 0% used [0x00000000e4d80000,0x00000000e4d80000,0x00000000e6100000)
  to   space 20480K, 0% used [0x00000000e3980000,0x00000000e3980000,0x00000000e4d80000)
 ParOldGen       total 69632K, used 30169K [0x0000000080000000, 0x0000000084400000, 0x00000000d5580000)
  object space 69632K, 43% used [0x0000000080000000,0x0000000081d764b0,0x0000000084400000)
 Metaspace       used 66551K, capacity 69564K, committed 69976K, reserved 1110016K
  class space    used 9149K, capacity 9757K, committed 9856K, reserved 1048576K
Event: 20.830 GC heap after
Heap after GC invocations=16 (full 3):
 PSYoungGen      total 253952K, used 20464K [0x00000000d5580000, 0x00000000ea180000, 0x0000000100000000)
  eden space 233472K, 0% used [0x00000000d5580000,0x00000000d5580000,0x00000000e3980000)
  from space 20480K, 99% used [0x00000000e3980000,0x00000000e4d7c278,0x00000000e4d80000)
  to   space 23552K, 0% used [0x00000000e8a80000,0x00000000e8a80000,0x00000000ea180000)
 ParOldGen       total 69632K, used 30697K [0x0000000080000000, 0x0000000084400000, 0x00000000d5580000)
  object space 69632K, 44% used [0x0000000080000000,0x0000000081dfa700,0x0000000084400000)
 Metaspace       used 66551K, capacity 69564K, committed 69976K, reserved 1110016K
  class space    used 9149K, capacity 9757K, committed 9856K, reserved 1048576K
}

