# JRE version: OpenJDK Runtime Environment (8.0_242-b01) (build 1.8.0_242-release-1644-b01)
# Java VM: OpenJDK 64-Bit Server VM (25.242-b01 mixed mode windows-amd64 compressed oops)
Heap:
 PSYoungGen      total 250880K, used 250873K [0x00000000d5580000, 0x00000000e9580000, 0x0000000100000000)
  eden space 231424K, 100% used [0x00000000d5580000,0x00000000e3780000,0x00000000e3780000)
  from space 19456K, 99% used [0x00000000e3780000,0x00000000e4a7e490,0x00000000e4a80000)
  to   space 23040K, 33% used [0x00000000e7f00000,0x00000000e8691ad0,0x00000000e9580000)
 ParOldGen       total 106496K, used 44815K [0x0000000080000000, 0x0000000086800000, 0x00000000d5580000)
  object space 106496K, 42% used [0x0000000080000000,0x0000000082bc3da0,0x0000000086800000)
 Metaspace       used 75849K, capacity 79508K, committed 79832K, reserved 1118208K
  class space    used 10405K, capacity 11149K, committed 11264K, reserved 1048576K
GC Heap History (10 events):
Event: 5.643 GC heap before
{Heap before GC invocations=12 (full 2):
 PSYoungGen      total 138240K, used 126976K [0x00000000d5580000, 0x00000000e2a80000, 0x0000000100000000)
  eden space 126976K, 100% used [0x00000000d5580000,0x00000000dd180000,0x00000000dd180000)
  from space 11264K, 0% used [0x00000000dd180000,0x00000000dd180000,0x00000000ddc80000)
  to   space 12800K, 0% used [0x00000000e1e00000,0x00000000e1e00000,0x00000000e2a80000)
 ParOldGen       total 69632K, used 17720K [0x0000000080000000, 0x0000000084400000, 0x00000000d5580000)
  object space 69632K, 25% used [0x0000000080000000,0x000000008114e2f8,0x0000000084400000)
 Metaspace       used 37783K, capacity 39594K, committed 39640K, reserved 1083392K
  class space    used 5223K, capacity 5595K, committed 5632K, reserved 1048576K
Event: 5.649 GC heap after
Heap after GC invocations=12 (full 2):
 PSYoungGen      total 181248K, used 8133K [0x00000000d5580000, 0x00000000e2600000, 0x0000000100000000)
  eden space 173056K, 0% used [0x00000000d5580000,0x00000000d5580000,0x00000000dfe80000)
  from space 8192K, 99% used [0x00000000e1e00000,0x00000000e25f1618,0x00000000e2600000)
  to   space 12800K, 0% used [0x00000000e0d00000,0x00000000e0d00000,0x00000000e1980000)
 ParOldGen       total 69632K, used 17728K [0x0000000080000000, 0x0000000084400000, 0x00000000d5580000)
  object space 69632K, 25% used [0x0000000080000000,0x00000000811502f8,0x0000000084400000)
 Metaspace       used 37783K, capacity 39594K, committed 39640K, reserved 1083392K
  class space    used 5223K, capacity 5595K, committed 5632K, reserved 1048576K
}
Event: 7.182 GC heap before
{Heap before GC invocations=13 (full 2):
 PSYoungGen      total 181248K, used 181189K [0x00000000d5580000, 0x00000000e2600000, 0x0000000100000000)
  eden space 173056K, 100% used [0x00000000d5580000,0x00000000dfe80000,0x00000000dfe80000)
  from space 8192K, 99% used [0x00000000e1e00000,0x00000000e25f1618,0x00000000e2600000)
  to   space 12800K, 0% used [0x00000000e0d00000,0x00000000e0d00000,0x00000000e1980000)
 ParOldGen       total 69632K, used 17728K [0x0000000080000000, 0x0000000084400000, 0x00000000d5580000)
  object space 69632K, 25% used [0x0000000080000000,0x00000000811502f8,0x0000000084400000)
 Metaspace       used 54362K, capacity 56676K, committed 56792K, reserved 1097728K
  class space    used 7396K, capacity 7907K, committed 7936K, reserved 1048576K
Event: 7.205 GC heap after
Heap after GC invocations=13 (full 2):
 PSYoungGen      total 200704K, used 12787K [0x00000000d5580000, 0x00000000e5d80000, 0x0000000100000000)
  eden space 187904K, 0% used [0x00000000d5580000,0x00000000d5580000,0x00000000e0d00000)
  from space 12800K, 99% used [0x00000000e0d00000,0x00000000e197cdc8,0x00000000e1980000)
  to   space 19456K, 0% used [0x00000000e4a80000,0x00000000e4a80000,0x00000000e5d80000)
 ParOldGen       total 69632K, used 31923K [0x0000000080000000, 0x0000000084400000, 0x00000000d5580000)
  object space 69632K, 45% used [0x0000000080000000,0x0000000081f2ce20,0x0000000084400000)
 Metaspace       used 54362K, capacity 56676K, committed 56792K, reserved 1097728K
  class space    used 7396K, capacity 7907K, committed 7936K, reserved 1048576K
}
Event: 7.605 GC heap before
{Heap before GC invocations=14 (full 2):
 PSYoungGen      total 200704K, used 44871K [0x00000000d5580000, 0x00000000e5d80000, 0x0000000100000000)
  eden space 187904K, 17% used [0x00000000d5580000,0x00000000d74d4fa8,0x00000000e0d00000)
  from space 12800K, 99% used [0x00000000e0d00000,0x00000000e197cdc8,0x00000000e1980000)
  to   space 19456K, 0% used [0x00000000e4a80000,0x00000000e4a80000,0x00000000e5d80000)
 ParOldGen       total 69632K, used 31923K [0x0000000080000000, 0x0000000084400000, 0x00000000d5580000)
  object space 69632K, 45% used [0x0000000080000000,0x0000000081f2ce20,0x0000000084400000)
 Metaspace       used 56438K, capacity 58808K, committed 58968K, reserved 1099776K
  class space    used 7722K, capacity 8217K, committed 8320K, reserved 1048576K
Event: 7.618 GC heap after
Heap after GC invocations=14 (full 2):
 PSYoungGen      total 250880K, used 2959K [0x00000000d5580000, 0x00000000e6f80000, 0x0000000100000000)
  eden space 231424K, 0% used [0x00000000d5580000,0x00000000d5580000,0x00000000e3780000)
  from space 19456K, 15% used [0x00000000e4a80000,0x00000000e4d63cf8,0x00000000e5d80000)
  to   space 19456K, 0% used [0x00000000e3780000,0x00000000e3780000,0x00000000e4a80000)
 ParOldGen       total 69632K, used 42432K [0x0000000080000000, 0x0000000084400000, 0x00000000d5580000)
  object space 69632K, 60% used [0x0000000080000000,0x0000000082970148,0x0000000084400000)
 Metaspace       used 56438K, capacity 58808K, committed 58968K, reserved 1099776K
  class space    used 7722K, capacity 8217K, committed 8320K, reserved 1048576K
}
Event: 7.618 GC heap before
{Heap before GC invocations=15 (full 3):
 PSYoungGen      total 250880K, used 2959K [0x00000000d5580000, 0x00000000e6f80000, 0x0000000100000000)
  eden space 231424K, 0% used [0x00000000d5580000,0x00000000d5580000,0x00000000e3780000)
  from space 19456K, 15% used [0x00000000e4a80000,0x00000000e4d63cf8,0x00000000e5d80000)
  to   space 19456K, 0% used [0x00000000e3780000,0x00000000e3780000,0x00000000e4a80000)
 ParOldGen       total 69632K, used 42432K [0x0000000080000000, 0x0000000084400000, 0x00000000d5580000)
  object space 69632K, 60% used [0x0000000080000000,0x0000000082970148,0x0000000084400000)
 Metaspace       used 56438K, capacity 58808K, committed 58968K, reserved 1099776K
  class space    used 7722K, capacity 8217K, committed 8320K, reserved 1048576K
Event: 7.899 GC heap after
Heap after GC invocations=15 (full 3):
 PSYoungGen      total 250880K, used 0K [0x00000000d5580000, 0x00000000e6f80000, 0x0000000100000000)
  eden space 231424K, 0% used [0x00000000d5580000,0x00000000d5580000,0x00000000e3780000)
  from space 19456K, 0% used [0x00000000e4a80000,0x00000000e4a80000,0x00000000e5d80000)
  to   space 19456K, 0% used [0x00000000e3780000,0x00000000e3780000,0x00000000e4a80000)
 ParOldGen       total 106496K, used 30648K [0x0000000080000000, 0x0000000086800000, 0x00000000d5580000)
  object space 106496K, 28% used [0x0000000080000000,0x0000000081dee100,0x0000000086800000)
 Metaspace       used 56392K, capacity 58652K, committed 58968K, reserved 1099776K
  class space    used 7708K, capacity 8191K, committed 8320K, reserved 1048576K
}
Event: 11.448 GC heap before
{Heap before GC invocations=16 (full 3):
 PSYoungGen      total 250880K, used 231424K [0x00000000d5580000, 0x00000000e6f80000, 0x0000000100000000)
  eden space 231424K, 100% used [0x00000000d5580000,0x00000000e3780000,0x00000000e3780000)
  from space 19456K, 0% used [0x00000000e4a80000,0x00000000e4a80000,0x00000000e5d80000)
  to   space 19456K, 0% used [0x00000000e3780000,0x00000000e3780000,0x00000000e4a80000)
 ParOldGen       total 106496K, used 30648K [0x0000000080000000, 0x0000000086800000, 0x00000000d5580000)
  object space 106496K, 28% used [0x0000000080000000,0x0000000081dee100,0x0000000086800000)
 Metaspace       used 66470K, capacity 69470K, committed 69720K, reserved 1110016K
  class space    used 9140K, capacity 9752K, committed 9856K, reserved 1048576K
Event: 11.472 GC heap after
Heap after GC invocations=16 (full 3):
 PSYoungGen      total 250880K, used 19449K [0x00000000d5580000, 0x00000000e9580000, 0x0000000100000000)
  eden space 231424K, 0% used [0x00000000d5580000,0x00000000d5580000,0x00000000e3780000)
  from space 19456K, 99% used [0x00000000e3780000,0x00000000e4a7e490,0x00000000e4a80000)
  to   space 23040K, 0% used [0x00000000e7f00000,0x00000000e7f00000,0x00000000e9580000)
 ParOldGen       total 106496K, used 32165K [0x0000000080000000, 0x0000000086800000, 0x00000000d5580000)
  object space 106496K, 30% used [0x0000000080000000,0x0000000081f69548,0x0000000086800000)
 Metaspace       used 66470K, capacity 69470K, committed 69720K, reserved 1110016K
  class space    used 9140K, capacity 9752K, committed 9856K, reserved 1048576K
}

