# JRE version: OpenJDK Runtime Environment (8.0_242-b01) (build 1.8.0_242-release-1644-b01)
# Java VM: OpenJDK 64-Bit Server VM (25.242-b01 mixed mode windows-amd64 compressed oops)
Heap:
 PSYoungGen      total 314368K, used 280055K [0x00000000d5580000, 0x00000000ea700000, 0x0000000100000000)
  eden space 283136K, 91% used [0x00000000d5580000,0x00000000e5352450,0x00000000e6a00000)
  from space 31232K, 64% used [0x00000000e6a00000,0x00000000e7dab878,0x00000000e8880000)
  to   space 31232K, 0% used [0x00000000e8880000,0x00000000e8880000,0x00000000ea700000)
 ParOldGen       total 124928K, used 74176K [0x0000000080000000, 0x0000000087a00000, 0x00000000d5580000)
  object space 124928K, 59% used [0x0000000080000000,0x0000000084870318,0x0000000087a00000)
 Metaspace       used 76794K, capacity 80892K, committed 80984K, reserved 1118208K
  class space    used 10532K, capacity 11341K, committed 11392K, reserved 1048576K
GC Heap History (10 events):
Event: 9.601 GC heap before
{Heap before GC invocations=16 (full 3):
 PSYoungGen      total 225792K, used 206848K [0x00000000d5580000, 0x00000000e5c80000, 0x0000000100000000)
  eden space 206848K, 100% used [0x00000000d5580000,0x00000000e1f80000,0x00000000e1f80000)
  from space 18944K, 0% used [0x00000000e3200000,0x00000000e3200000,0x00000000e4480000)
  to   space 18944K, 0% used [0x00000000e1f80000,0x00000000e1f80000,0x00000000e3200000)
 ParOldGen       total 124928K, used 39699K [0x0000000080000000, 0x0000000087a00000, 0x00000000d5580000)
  object space 124928K, 31% used [0x0000000080000000,0x00000000826c4dc0,0x0000000087a00000)
 Metaspace       used 65513K, capacity 68600K, committed 68824K, reserved 1107968K
  class space    used 9037K, capacity 9665K, committed 9728K, reserved 1048576K
Event: 9.613 GC heap after
Heap after GC invocations=16 (full 3):
 PSYoungGen      total 225792K, used 17860K [0x00000000d5580000, 0x00000000e7180000, 0x0000000100000000)
  eden space 206848K, 0% used [0x00000000d5580000,0x00000000d5580000,0x00000000e1f80000)
  from space 18944K, 94% used [0x00000000e1f80000,0x00000000e30f13f8,0x00000000e3200000)
  to   space 21504K, 0% used [0x00000000e5c80000,0x00000000e5c80000,0x00000000e7180000)
 ParOldGen       total 124928K, used 39707K [0x0000000080000000, 0x0000000087a00000, 0x00000000d5580000)
  object space 124928K, 31% used [0x0000000080000000,0x00000000826c6dc0,0x0000000087a00000)
 Metaspace       used 65513K, capacity 68600K, committed 68824K, reserved 1107968K
  class space    used 9037K, capacity 9665K, committed 9728K, reserved 1048576K
}
Event: 10.810 GC heap before
{Heap before GC invocations=17 (full 3):
 PSYoungGen      total 225792K, used 224708K [0x00000000d5580000, 0x00000000e7180000, 0x0000000100000000)
  eden space 206848K, 100% used [0x00000000d5580000,0x00000000e1f80000,0x00000000e1f80000)
  from space 18944K, 94% used [0x00000000e1f80000,0x00000000e30f13f8,0x00000000e3200000)
  to   space 21504K, 0% used [0x00000000e5c80000,0x00000000e5c80000,0x00000000e7180000)
 ParOldGen       total 124928K, used 39707K [0x0000000080000000, 0x0000000087a00000, 0x00000000d5580000)
  object space 124928K, 31% used [0x0000000080000000,0x00000000826c6dc0,0x0000000087a00000)
 Metaspace       used 74803K, capacity 78704K, committed 78808K, reserved 1116160K
  class space    used 10425K, capacity 11179K, committed 11264K, reserved 1048576K
Event: 10.841 GC heap after
Heap after GC invocations=17 (full 3):
 PSYoungGen      total 257024K, used 21474K [0x00000000d5580000, 0x00000000e8a00000, 0x0000000100000000)
  eden space 235520K, 0% used [0x00000000d5580000,0x00000000d5580000,0x00000000e3b80000)
  from space 21504K, 99% used [0x00000000e5c80000,0x00000000e71788e0,0x00000000e7180000)
  to   space 33792K, 0% used [0x00000000e3b80000,0x00000000e3b80000,0x00000000e5c80000)
 ParOldGen       total 124928K, used 63896K [0x0000000080000000, 0x0000000087a00000, 0x00000000d5580000)
  object space 124928K, 51% used [0x0000000080000000,0x0000000083e661c0,0x0000000087a00000)
 Metaspace       used 74803K, capacity 78704K, committed 78808K, reserved 1116160K
  class space    used 10425K, capacity 11179K, committed 11264K, reserved 1048576K
}
Event: 11.777 GC heap before
{Heap before GC invocations=18 (full 3):
 PSYoungGen      total 257024K, used 256994K [0x00000000d5580000, 0x00000000e8a00000, 0x0000000100000000)
  eden space 235520K, 100% used [0x00000000d5580000,0x00000000e3b80000,0x00000000e3b80000)
  from space 21504K, 99% used [0x00000000e5c80000,0x00000000e71788e0,0x00000000e7180000)
  to   space 33792K, 0% used [0x00000000e3b80000,0x00000000e3b80000,0x00000000e5c80000)
 ParOldGen       total 124928K, used 63896K [0x0000000080000000, 0x0000000087a00000, 0x00000000d5580000)
  object space 124928K, 51% used [0x0000000080000000,0x0000000083e661c0,0x0000000087a00000)
 Metaspace       used 76407K, capacity 80356K, committed 80728K, reserved 1118208K
  class space    used 10516K, capacity 11269K, committed 11392K, reserved 1048576K
Event: 11.800 GC heap after
Heap after GC invocations=18 (full 3):
 PSYoungGen      total 269312K, used 14238K [0x00000000d5580000, 0x00000000ea800000, 0x0000000100000000)
  eden space 235520K, 0% used [0x00000000d5580000,0x00000000d5580000,0x00000000e3b80000)
  from space 33792K, 42% used [0x00000000e3b80000,0x00000000e4967868,0x00000000e5c80000)
  to   space 32256K, 0% used [0x00000000e8880000,0x00000000e8880000,0x00000000ea800000)
 ParOldGen       total 124928K, used 74160K [0x0000000080000000, 0x0000000087a00000, 0x00000000d5580000)
  object space 124928K, 59% used [0x0000000080000000,0x000000008486c318,0x0000000087a00000)
 Metaspace       used 76407K, capacity 80356K, committed 80728K, reserved 1118208K
  class space    used 10516K, capacity 11269K, committed 11392K, reserved 1048576K
}
Event: 12.323 GC heap before
{Heap before GC invocations=19 (full 3):
 PSYoungGen      total 269312K, used 249758K [0x00000000d5580000, 0x00000000ea800000, 0x0000000100000000)
  eden space 235520K, 100% used [0x00000000d5580000,0x00000000e3b80000,0x00000000e3b80000)
  from space 33792K, 42% used [0x00000000e3b80000,0x00000000e4967868,0x00000000e5c80000)
  to   space 32256K, 0% used [0x00000000e8880000,0x00000000e8880000,0x00000000ea800000)
 ParOldGen       total 124928K, used 74160K [0x0000000080000000, 0x0000000087a00000, 0x00000000d5580000)
  object space 124928K, 59% used [0x0000000080000000,0x000000008486c318,0x0000000087a00000)
 Metaspace       used 76650K, capacity 80598K, committed 80728K, reserved 1118208K
  class space    used 10520K, capacity 11272K, committed 11392K, reserved 1048576K
Event: 12.338 GC heap after
Heap after GC invocations=19 (full 3):
 PSYoungGen      total 314368K, used 16382K [0x00000000d5580000, 0x00000000ea700000, 0x0000000100000000)
  eden space 283136K, 0% used [0x00000000d5580000,0x00000000d5580000,0x00000000e6a00000)
  from space 31232K, 52% used [0x00000000e8880000,0x00000000e987f868,0x00000000ea700000)
  to   space 31232K, 0% used [0x00000000e6a00000,0x00000000e6a00000,0x00000000e8880000)
 ParOldGen       total 124928K, used 74168K [0x0000000080000000, 0x0000000087a00000, 0x00000000d5580000)
  object space 124928K, 59% used [0x0000000080000000,0x000000008486e318,0x0000000087a00000)
 Metaspace       used 76650K, capacity 80598K, committed 80728K, reserved 1118208K
  class space    used 10520K, capacity 11272K, committed 11392K, reserved 1048576K
}
Event: 12.931 GC heap before
{Heap before GC invocations=20 (full 3):
 PSYoungGen      total 314368K, used 299518K [0x00000000d5580000, 0x00000000ea700000, 0x0000000100000000)
  eden space 283136K, 100% used [0x00000000d5580000,0x00000000e6a00000,0x00000000e6a00000)
  from space 31232K, 52% used [0x00000000e8880000,0x00000000e987f868,0x00000000ea700000)
  to   space 31232K, 0% used [0x00000000e6a00000,0x00000000e6a00000,0x00000000e8880000)
 ParOldGen       total 124928K, used 74168K [0x0000000080000000, 0x0000000087a00000, 0x00000000d5580000)
  object space 124928K, 59% used [0x0000000080000000,0x000000008486e318,0x0000000087a00000)
 Metaspace       used 76731K, capacity 80680K, committed 80984K, reserved 1118208K
  class space    used 10522K, capacity 11273K, committed 11392K, reserved 1048576K
Event: 12.946 GC heap after
Heap after GC invocations=20 (full 3):
 PSYoungGen      total 314368K, used 20142K [0x00000000d5580000, 0x00000000ea700000, 0x0000000100000000)
  eden space 283136K, 0% used [0x00000000d5580000,0x00000000d5580000,0x00000000e6a00000)
  from space 31232K, 64% used [0x00000000e6a00000,0x00000000e7dab878,0x00000000e8880000)
  to   space 31232K, 0% used [0x00000000e8880000,0x00000000e8880000,0x00000000ea700000)
 ParOldGen       total 124928K, used 74176K [0x0000000080000000, 0x0000000087a00000, 0x00000000d5580000)
  object space 124928K, 59% used [0x0000000080000000,0x0000000084870318,0x0000000087a00000)
 Metaspace       used 76731K, capacity 80680K, committed 80984K, reserved 1118208K
  class space    used 10522K, capacity 11273K, committed 11392K, reserved 1048576K
}

