# JRE version: OpenJDK Runtime Environment (8.0_242-b01) (build 1.8.0_242-release-1644-b01)
# Java VM: OpenJDK 64-Bit Server VM (25.242-b01 mixed mode windows-amd64 compressed oops)
Heap:
 PSYoungGen      total 217088K, used 135229K [0x00000000d5580000, 0x00000000e5880000, 0x0000000100000000)
  eden space 197632K, 65% used [0x00000000d5580000,0x00000000dd462b28,0x00000000e1680000)
  from space 19456K, 27% used [0x00000000e3200000,0x00000000e372cbc0,0x00000000e4500000)
  to   space 28160K, 0% used [0x00000000e1680000,0x00000000e1680000,0x00000000e3200000)
 ParOldGen       total 132096K, used 70489K [0x0000000080000000, 0x0000000088100000, 0x00000000d5580000)
  object space 132096K, 53% used [0x0000000080000000,0x00000000844d65d8,0x0000000088100000)
 Metaspace       used 78144K, capacity 82706K, committed 82776K, reserved 1120256K
  class space    used 10759K, capacity 11638K, committed 11648K, reserved 1048576K
GC Heap History (10 events):
Event: 10.577 GC heap before
{Heap before GC invocations=17 (full 3):
 PSYoungGen      total 194048K, used 191139K [0x00000000d5580000, 0x00000000e4500000, 0x0000000100000000)
  eden space 175616K, 100% used [0x00000000d5580000,0x00000000e0100000,0x00000000e0100000)
  from space 18432K, 84% used [0x00000000e0100000,0x00000000e1028d58,0x00000000e1300000)
  to   space 19456K, 0% used [0x00000000e3200000,0x00000000e3200000,0x00000000e4500000)
 ParOldGen       total 132096K, used 33536K [0x0000000080000000, 0x0000000088100000, 0x00000000d5580000)
  object space 132096K, 25% used [0x0000000080000000,0x00000000820c0278,0x0000000088100000)
 Metaspace       used 71879K, capacity 75678K, committed 75736K, reserved 1114112K
  class space    used 9948K, capacity 10720K, committed 10752K, reserved 1048576K
Event: 10.599 GC heap after
Heap after GC invocations=17 (full 3):
 PSYoungGen      total 217088K, used 19450K [0x00000000d5580000, 0x00000000e5880000, 0x0000000100000000)
  eden space 197632K, 0% used [0x00000000d5580000,0x00000000d5580000,0x00000000e1680000)
  from space 19456K, 99% used [0x00000000e3200000,0x00000000e44feac0,0x00000000e4500000)
  to   space 28160K, 0% used [0x00000000e1680000,0x00000000e1680000,0x00000000e3200000)
 ParOldGen       total 132096K, used 49648K [0x0000000080000000, 0x0000000088100000, 0x00000000d5580000)
  object space 132096K, 37% used [0x0000000080000000,0x000000008307c250,0x0000000088100000)
 Metaspace       used 71879K, capacity 75678K, committed 75736K, reserved 1114112K
  class space    used 9948K, capacity 10720K, committed 10752K, reserved 1048576K
}
Event: 11.396 GC heap before
{Heap before GC invocations=18 (full 3):
 PSYoungGen      total 217088K, used 217082K [0x00000000d5580000, 0x00000000e5880000, 0x0000000100000000)
  eden space 197632K, 100% used [0x00000000d5580000,0x00000000e1680000,0x00000000e1680000)
  from space 19456K, 99% used [0x00000000e3200000,0x00000000e44feac0,0x00000000e4500000)
  to   space 28160K, 0% used [0x00000000e1680000,0x00000000e1680000,0x00000000e3200000)
 ParOldGen       total 132096K, used 49648K [0x0000000080000000, 0x0000000088100000, 0x00000000d5580000)
  object space 132096K, 37% used [0x0000000080000000,0x000000008307c250,0x0000000088100000)
 Metaspace       used 75896K, capacity 80194K, committed 80344K, reserved 1118208K
  class space    used 10569K, capacity 11404K, committed 11520K, reserved 1048576K
Event: 11.412 GC heap after
Heap after GC invocations=18 (full 3):
 PSYoungGen      total 225792K, used 23746K [0x00000000d5580000, 0x00000000e5880000, 0x0000000100000000)
  eden space 197632K, 0% used [0x00000000d5580000,0x00000000d5580000,0x00000000e1680000)
  from space 28160K, 84% used [0x00000000e1680000,0x00000000e2db0880,0x00000000e3200000)
  to   space 19456K, 0% used [0x00000000e3200000,0x00000000e3200000,0x00000000e4500000)
 ParOldGen       total 132096K, used 49656K [0x0000000080000000, 0x0000000088100000, 0x00000000d5580000)
  object space 132096K, 37% used [0x0000000080000000,0x000000008307e250,0x0000000088100000)
 Metaspace       used 75896K, capacity 80194K, committed 80344K, reserved 1118208K
  class space    used 10569K, capacity 11404K, committed 11520K, reserved 1048576K
}
Event: 12.008 GC heap before
{Heap before GC invocations=19 (full 3):
 PSYoungGen      total 225792K, used 221378K [0x00000000d5580000, 0x00000000e5880000, 0x0000000100000000)
  eden space 197632K, 100% used [0x00000000d5580000,0x00000000e1680000,0x00000000e1680000)
  from space 28160K, 84% used [0x00000000e1680000,0x00000000e2db0880,0x00000000e3200000)
  to   space 19456K, 0% used [0x00000000e3200000,0x00000000e3200000,0x00000000e4500000)
 ParOldGen       total 132096K, used 49656K [0x0000000080000000, 0x0000000088100000, 0x00000000d5580000)
  object space 132096K, 37% used [0x0000000080000000,0x000000008307e250,0x0000000088100000)
 Metaspace       used 77607K, capacity 82192K, committed 82264K, reserved 1120256K
  class space    used 10746K, capacity 11637K, committed 11648K, reserved 1048576K
Event: 12.021 GC heap after
Heap after GC invocations=19 (full 3):
 PSYoungGen      total 217088K, used 19444K [0x00000000d5580000, 0x00000000e5880000, 0x0000000100000000)
  eden space 197632K, 0% used [0x00000000d5580000,0x00000000d5580000,0x00000000e1680000)
  from space 19456K, 99% used [0x00000000e3200000,0x00000000e44fd270,0x00000000e4500000)
  to   space 28160K, 0% used [0x00000000e1680000,0x00000000e1680000,0x00000000e3200000)
 ParOldGen       total 132096K, used 53655K [0x0000000080000000, 0x0000000088100000, 0x00000000d5580000)
  object space 132096K, 40% used [0x0000000080000000,0x0000000083465e88,0x0000000088100000)
 Metaspace       used 77607K, capacity 82192K, committed 82264K, reserved 1120256K
  class space    used 10746K, capacity 11637K, committed 11648K, reserved 1048576K
}
Event: 12.444 GC heap before
{Heap before GC invocations=20 (full 3):
 PSYoungGen      total 217088K, used 217076K [0x00000000d5580000, 0x00000000e5880000, 0x0000000100000000)
  eden space 197632K, 100% used [0x00000000d5580000,0x00000000e1680000,0x00000000e1680000)
  from space 19456K, 99% used [0x00000000e3200000,0x00000000e44fd270,0x00000000e4500000)
  to   space 28160K, 0% used [0x00000000e1680000,0x00000000e1680000,0x00000000e3200000)
 ParOldGen       total 132096K, used 53655K [0x0000000080000000, 0x0000000088100000, 0x00000000d5580000)
  object space 132096K, 40% used [0x0000000080000000,0x0000000083465e88,0x0000000088100000)
 Metaspace       used 77908K, capacity 82564K, committed 82776K, reserved 1120256K
  class space    used 10746K, capacity 11637K, committed 11648K, reserved 1048576K
Event: 12.459 GC heap after
Heap after GC invocations=20 (full 3):
 PSYoungGen      total 225792K, used 4912K [0x00000000d5580000, 0x00000000e5880000, 0x0000000100000000)
  eden space 197632K, 0% used [0x00000000d5580000,0x00000000d5580000,0x00000000e1680000)
  from space 28160K, 17% used [0x00000000e1680000,0x00000000e1b4c060,0x00000000e3200000)
  to   space 19456K, 0% used [0x00000000e3200000,0x00000000e3200000,0x00000000e4500000)
 ParOldGen       total 132096K, used 70481K [0x0000000080000000, 0x0000000088100000, 0x00000000d5580000)
  object space 132096K, 53% used [0x0000000080000000,0x00000000844d45d8,0x0000000088100000)
 Metaspace       used 77908K, capacity 82564K, committed 82776K, reserved 1120256K
  class space    used 10746K, capacity 11637K, committed 11648K, reserved 1048576K
}
Event: 13.004 GC heap before
{Heap before GC invocations=21 (full 3):
 PSYoungGen      total 225792K, used 202544K [0x00000000d5580000, 0x00000000e5880000, 0x0000000100000000)
  eden space 197632K, 100% used [0x00000000d5580000,0x00000000e1680000,0x00000000e1680000)
  from space 28160K, 17% used [0x00000000e1680000,0x00000000e1b4c060,0x00000000e3200000)
  to   space 19456K, 0% used [0x00000000e3200000,0x00000000e3200000,0x00000000e4500000)
 ParOldGen       total 132096K, used 70481K [0x0000000080000000, 0x0000000088100000, 0x00000000d5580000)
  object space 132096K, 53% used [0x0000000080000000,0x00000000844d45d8,0x0000000088100000)
 Metaspace       used 78127K, capacity 82702K, committed 82776K, reserved 1120256K
  class space    used 10759K, capacity 11638K, committed 11648K, reserved 1048576K
Event: 13.024 GC heap after
Heap after GC invocations=21 (full 3):
 PSYoungGen      total 217088K, used 5298K [0x00000000d5580000, 0x00000000e5880000, 0x0000000100000000)
  eden space 197632K, 0% used [0x00000000d5580000,0x00000000d5580000,0x00000000e1680000)
  from space 19456K, 27% used [0x00000000e3200000,0x00000000e372cbc0,0x00000000e4500000)
  to   space 28160K, 0% used [0x00000000e1680000,0x00000000e1680000,0x00000000e3200000)
 ParOldGen       total 132096K, used 70489K [0x0000000080000000, 0x0000000088100000, 0x00000000d5580000)
  object space 132096K, 53% used [0x0000000080000000,0x00000000844d65d8,0x0000000088100000)
 Metaspace       used 78127K, capacity 82702K, committed 82776K, reserved 1120256K
  class space    used 10759K, capacity 11638K, committed 11648K, reserved 1048576K
}

